#
# A fatal error has been detected by the Java Runtime Environment:
#
#  Internal Error (classFileParser.cpp:3494), pid=24795, tid=139842290718464
#  Error: ShouldNotReachHere()
#
# JRE version: 6.0_23-b23
# Java VM: OpenJDK 64-Bit Server VM (20.0-b11 mixed mode linux-amd64 compressed oops)
# Derivative: IcedTea6 1.11pre
# Distribution: Ubuntu 11.10, package 6b23~pre11-0ubuntu1.11.10.2
# If you would like to submit a bug report, please include
# instructions how to reproduce the bug and visit:
#   https://bugs.launchpad.net/ubuntu/+source/openjdk-6/
#

---------------  T H R E A D  ---------------

Current thread (0x0000000000c90800):  JavaThread "main" [_thread_in_vm, id=24796, stack(0x00007f2f92001000,0x00007f2f92102000)]

Stack: [0x00007f2f92001000,0x00007f2f92102000],  sp=0x00007f2f920fdca0,  free space=1011k
Native frames: (J=compiled Java code, j=interpreted, Vv=VM code, C=native code)
V  [libjvm.so+0x783225]  VMError::report(outputStream*)+0x1255
V  [libjvm.so+0x7834a9]  VMError::report_and_die()+0x169
V  [libjvm.so+0x3bb13a]  report_vm_error(char const*, int, char const*, char const*)+0x4a
V  [libjvm.so+0x351515]  ClassFileParser::parseClassFile(symbolHandle, Handle, Handle, KlassHandle, GrowableArray<Handle>*, symbolHandle&, bool, Thread*)+0x1545
V  [libjvm.so+0x355773]  ClassLoader::load_classfile(symbolHandle, Thread*)+0x1f3
V  [libjvm.so+0x71b564]  SystemDictionary::load_instance_class(symbolHandle, Handle, Thread*)+0x354
V  [libjvm.so+0x719c70]  SystemDictionary::resolve_instance_class_or_null(symbolHandle, Handle, Handle, Thread*)+0x7c0
V  [libjvm.so+0x71bbf3]  SystemDictionary::resolve_or_fail(symbolHandle, Handle, Handle, bool, Thread*)+0x33
V  [libjvm.so+0x40c689]  Exceptions::new_exception(Thread*, symbolHandle, symbolHandle, JavaCallArguments*, Handle, Handle, Handle)+0x49
V  [libjvm.so+0x40cba5]  Exceptions::new_exception(Thread*, symbolHandle, char const*, Handle, Handle, Handle, Exceptions::ExceptionMsgToUtf8Mode)+0x195
V  [libjvm.so+0x40cd87]  Exceptions::_throw_msg(Thread*, char const*, int, symbolHandle, char const*, Handle, Handle)+0x57
V  [libjvm.so+0x40cdd8]  Exceptions::_throw_msg(Thread*, char const*, int, symbolHandle, char const*)+0x18
V  [libjvm.so+0x40ceb8]  Exceptions::fthrow(Thread*, char const*, int, symbolHandle, char const*, ...)+0xd8
V  [libjvm.so+0x344a1f]  ClassFileParser::throwIllegalSignature(char const*, symbolHandle, symbolHandle, Thread*)+0xef
V  [libjvm.so+0x349012]  ClassFileParser::verify_legal_field_signature(symbolHandle, symbolHandle, Thread*)+0xe2
V  [libjvm.so+0x34db76]  ClassFileParser::parse_fields(constantPoolHandle, bool, FieldAllocationCount*, objArrayHandle*, Thread*)+0x326
V  [libjvm.so+0x350816]  ClassFileParser::parseClassFile(symbolHandle, Handle, Handle, KlassHandle, GrowableArray<Handle>*, symbolHandle&, bool, Thread*)+0x846
V  [libjvm.so+0x7191a7]  SystemDictionary::resolve_from_stream(symbolHandle, Handle, Handle, ClassFileStream*, bool, Thread*)+0xe7
V  [libjvm.so+0x4e5ba0]  jvm_define_class_common(JNIEnv_*, char const*, _jobject*, signed char const*, int, _jobject*, char const*, unsigned char, Thread*)+0x220
V  [libjvm.so+0x4e6de9]  JVM_DefineClassWithSource+0xa9
C  [libjava.so+0x10f2a]  Java_java_lang_ClassLoader_defineClass1+0x29a
j  java.lang.ClassLoader.defineClass1(Ljava/lang/String;[BIILjava/security/ProtectionDomain;Ljava/lang/String;)Ljava/lang/Class;+0
j  java.lang.ClassLoader.defineClass(Ljava/lang/String;[BIILjava/security/ProtectionDomain;)Ljava/lang/Class;+30
j  java.security.SecureClassLoader.defineClass(Ljava/lang/String;[BIILjava/security/CodeSource;)Ljava/lang/Class;+27
j  java.net.URLClassLoader.defineClass(Ljava/lang/String;Lsun/misc/Resource;)Ljava/lang/Class;+253
j  java.net.URLClassLoader.access$000(Ljava/net/URLClassLoader;Ljava/lang/String;Lsun/misc/Resource;)Ljava/lang/Class;+3
j  java.net.URLClassLoader$1.run()Ljava/lang/Object;+43
v  ~StubRoutines::call_stub
V  [libjvm.so+0x4afa5f]  JavaCalls::call_helper(JavaValue*, methodHandle*, JavaCallArguments*, Thread*)+0x29f
V  [libjvm.so+0x4aee95]  JavaCalls::call(JavaValue*, methodHandle, JavaCallArguments*, Thread*)+0x25
V  [libjvm.so+0x4e7cbf]  JVM_DoPrivileged+0x20f
j  java.security.AccessController.doPrivileged(Ljava/security/PrivilegedExceptionAction;Ljava/security/AccessControlContext;)Ljava/lang/Object;+0
j  java.net.URLClassLoader.findClass(Ljava/lang/String;)Ljava/lang/Class;+13
j  java.lang.ClassLoader.loadClass(Ljava/lang/String;Z)Ljava/lang/Class;+43
j  sun.misc.Launcher$AppClassLoader.loadClass(Ljava/lang/String;Z)Ljava/lang/Class;+36
j  java.lang.ClassLoader.loadClass(Ljava/lang/String;)Ljava/lang/Class;+3
v  ~StubRoutines::call_stub
V  [libjvm.so+0x4afa5f]  JavaCalls::call_helper(JavaValue*, methodHandle*, JavaCallArguments*, Thread*)+0x29f
V  [libjvm.so+0x4aee95]  JavaCalls::call(JavaValue*, methodHandle, JavaCallArguments*, Thread*)+0x25
V  [libjvm.so+0x4af393]  JavaCalls::call_virtual(JavaValue*, KlassHandle, symbolHandle, symbolHandle, JavaCallArguments*, Thread*)+0x1a3
V  [libjvm.so+0x4af46b]  JavaCalls::call_virtual(JavaValue*, Handle, KlassHandle, symbolHandle, symbolHandle, Handle, Thread*)+0x5b
V  [libjvm.so+0x71b618]  SystemDictionary::load_instance_class(symbolHandle, Handle, Thread*)+0x408
V  [libjvm.so+0x719c70]  SystemDictionary::resolve_instance_class_or_null(symbolHandle, Handle, Handle, Thread*)+0x7c0
V  [libjvm.so+0x71bbf3]  SystemDictionary::resolve_or_fail(symbolHandle, Handle, Handle, bool, Thread*)+0x33
V  [libjvm.so+0x4f2e91]  find_class_from_class_loader(JNIEnv_*, symbolHandle, unsigned char, Handle, Handle, unsigned char, Thread*)+0x41
V  [libjvm.so+0x4c1071]  jni_FindClass+0x211
C  [java+0x3c00]  JavaMain+0xb20

Java frames: (J=compiled Java code, j=interpreted, Vv=VM code)
j  java.lang.ClassLoader.defineClass1(Ljava/lang/String;[BIILjava/security/ProtectionDomain;Ljava/lang/String;)Ljava/lang/Class;+0
j  java.lang.ClassLoader.defineClass(Ljava/lang/String;[BIILjava/security/ProtectionDomain;)Ljava/lang/Class;+30
j  java.security.SecureClassLoader.defineClass(Ljava/lang/String;[BIILjava/security/CodeSource;)Ljava/lang/Class;+27
j  java.net.URLClassLoader.defineClass(Ljava/lang/String;Lsun/misc/Resource;)Ljava/lang/Class;+253
j  java.net.URLClassLoader.access$000(Ljava/net/URLClassLoader;Ljava/lang/String;Lsun/misc/Resource;)Ljava/lang/Class;+3
j  java.net.URLClassLoader$1.run()Ljava/lang/Object;+43
v  ~StubRoutines::call_stub
j  java.security.AccessController.doPrivileged(Ljava/security/PrivilegedExceptionAction;Ljava/security/AccessControlContext;)Ljava/lang/Object;+0
j  java.net.URLClassLoader.findClass(Ljava/lang/String;)Ljava/lang/Class;+13
j  java.lang.ClassLoader.loadClass(Ljava/lang/String;Z)Ljava/lang/Class;+43
j  sun.misc.Launcher$AppClassLoader.loadClass(Ljava/lang/String;Z)Ljava/lang/Class;+36
j  java.lang.ClassLoader.loadClass(Ljava/lang/String;)Ljava/lang/Class;+3
v  ~StubRoutines::call_stub

---------------  P R O C E S S  ---------------

Java Threads: ( => current thread )
  0x00007f2f8406f000 JavaThread "Low Memory Detector" daemon [_thread_blocked, id=24816, stack(0x00007f2f8908e000,0x00007f2f8918f000)]
  0x00007f2f8406c800 JavaThread "C2 CompilerThread1" daemon [_thread_blocked, id=24815, stack(0x00007f2f8918f000,0x00007f2f89290000)]
  0x00007f2f84069800 JavaThread "C2 CompilerThread0" daemon [_thread_blocked, id=24814, stack(0x00007f2f89290000,0x00007f2f89391000)]
  0x0000000000d07000 JavaThread "JDWP Command Reader" daemon [_thread_in_native, id=24811, stack(0x00007f2f89391000,0x00007f2f89492000)]
  0x00007f2f8415e800 JavaThread "JDWP Event Helper Thread" daemon [_thread_blocked, id=24810, stack(0x00007f2f89492000,0x00007f2f89593000)]
  0x00007f2f8415b000 JavaThread "JDWP Transport Listener: dt_socket" daemon [_thread_blocked, id=24808, stack(0x00007f2f89593000,0x00007f2f89694000)]
  0x00007f2f8401f000 JavaThread "Signal Dispatcher" daemon [_thread_blocked, id=24807, stack(0x00007f2f89899000,0x00007f2f8999a000)]
  0x00007f2f84001000 JavaThread "Finalizer" daemon [_thread_blocked, id=24806, stack(0x00007f2f8999a000,0x00007f2f89a9b000)]
  0x0000000000cff000 JavaThread "Reference Handler" daemon [_thread_blocked, id=24805, stack(0x00007f2f89a9b000,0x00007f2f89b9c000)]
=>0x0000000000c90800 JavaThread "main" [_thread_in_vm, id=24796, stack(0x00007f2f92001000,0x00007f2f92102000)]

Other Threads:
  0x0000000000cf8000 VMThread [stack: 0x00007f2f89b9c000,0x00007f2f89c9d000] [id=24804]
  0x00007f2f84072000 WatcherThread [stack: 0x00007f2f88f8d000,0x00007f2f8908e000] [id=24817]

VM state:not at safepoint (normal execution)

VM Mutex/Monitor currently owned by a thread: None

Heap
 PSYoungGen      total 56000K, used 2880K [0x00000007c1800000, 0x00000007c5680000, 0x0000000800000000)
  eden space 48000K, 6% used [0x00000007c1800000,0x00000007c1ad0240,0x00000007c46e0000)
  from space 8000K, 0% used [0x00000007c4eb0000,0x00000007c4eb0000,0x00000007c5680000)
  to   space 8000K, 0% used [0x00000007c46e0000,0x00000007c46e0000,0x00000007c4eb0000)
 PSOldGen        total 128000K, used 0K [0x0000000744800000, 0x000000074c500000, 0x00000007c1800000)
  object space 128000K, 0% used [0x0000000744800000,0x0000000744800000,0x000000074c500000)
 PSPermGen       total 21248K, used 3595K [0x000000073a200000, 0x000000073b6c0000, 0x0000000744800000)
  object space 21248K, 16% used [0x000000073a200000,0x000000073a582ee0,0x000000073b6c0000)

Code Cache  [0x00007f2f8b1fc000, 0x00007f2f8b46c000, 0x00007f2f8e1fc000)
 total_blobs=158 nmethods=0 adapters=134 free_code_cache=49948352 largest_free_block=384

Dynamic libraries:
00400000-00409000 r-xp 00000000 08:01 26747197                           /usr/lib/jvm/java-6-openjdk/jre/bin/java
00608000-00609000 r--p 00008000 08:01 26747197                           /usr/lib/jvm/java-6-openjdk/jre/bin/java
00609000-0060a000 rw-p 00009000 08:01 26747197                           /usr/lib/jvm/java-6-openjdk/jre/bin/java
00c83000-00d33000 rw-p 00000000 00:00 0                                  [heap]
73a200000-73b6c0000 rw-p 00000000 00:00 0 
73b6c0000-744800000 rw-p 00000000 00:00 0 
744800000-74c500000 rw-p 00000000 00:00 0 
74c500000-7c1800000 rw-p 00000000 00:00 0 
7c1800000-7c5680000 rw-p 00000000 00:00 0 
7c5680000-800000000 rw-p 00000000 00:00 0 
7f2f84000000-7f2f84160000 rw-p 00000000 00:00 0 
7f2f84160000-7f2f88000000 ---p 00000000 00:00 0 
7f2f88f8d000-7f2f88f8e000 ---p 00000000 00:00 0 
7f2f88f8e000-7f2f8908e000 rw-p 00000000 00:00 0 
7f2f8908e000-7f2f89091000 ---p 00000000 00:00 0 
7f2f89091000-7f2f8918f000 rw-p 00000000 00:00 0 
7f2f8918f000-7f2f89192000 ---p 00000000 00:00 0 
7f2f89192000-7f2f89290000 rw-p 00000000 00:00 0 
7f2f89290000-7f2f89293000 ---p 00000000 00:00 0 
7f2f89293000-7f2f89391000 rw-p 00000000 00:00 0 
7f2f89391000-7f2f89394000 ---p 00000000 00:00 0 
7f2f89394000-7f2f89492000 rw-p 00000000 00:00 0 
7f2f89492000-7f2f89495000 ---p 00000000 00:00 0 
7f2f89495000-7f2f89593000 rw-p 00000000 00:00 0 
7f2f89593000-7f2f89596000 ---p 00000000 00:00 0 
7f2f89596000-7f2f89694000 rw-p 00000000 00:00 0 
7f2f89694000-7f2f89698000 r-xp 00000000 08:01 26747205                   /usr/lib/jvm/java-6-openjdk/jre/lib/amd64/libdt_socket.so
7f2f89698000-7f2f89897000 ---p 00004000 08:01 26747205                   /usr/lib/jvm/java-6-openjdk/jre/lib/amd64/libdt_socket.so
7f2f89897000-7f2f89898000 r--p 00003000 08:01 26747205                   /usr/lib/jvm/java-6-openjdk/jre/lib/amd64/libdt_socket.so
7f2f89898000-7f2f89899000 rw-p 00004000 08:01 26747205                   /usr/lib/jvm/java-6-openjdk/jre/lib/amd64/libdt_socket.so
7f2f89899000-7f2f8989c000 ---p 00000000 00:00 0 
7f2f8989c000-7f2f8999a000 rw-p 00000000 00:00 0 
7f2f8999a000-7f2f8999d000 ---p 00000000 00:00 0 
7f2f8999d000-7f2f89a9b000 rw-p 00000000 00:00 0 
7f2f89a9b000-7f2f89a9e000 ---p 00000000 00:00 0 
7f2f89a9e000-7f2f89b9c000 rw-p 00000000 00:00 0 
7f2f89b9c000-7f2f89b9d000 ---p 00000000 00:00 0 
7f2f89b9d000-7f2f8a1d5000 rw-p 00000000 00:00 0 
7f2f8a1d5000-7f2f8a365000 r--s 037ba000 08:01 26747246                   /usr/lib/jvm/java-6-openjdk/jre/lib/rt.jar
7f2f8a365000-7f2f8a38d000 rw-p 00000000 00:00 0 
7f2f8a38d000-7f2f8a38e000 ---p 00000000 00:00 0 
7f2f8a38e000-7f2f8a48e000 rw-p 00000000 00:00 0 
7f2f8a48e000-7f2f8a48f000 ---p 00000000 00:00 0 
7f2f8a48f000-7f2f8a58f000 rw-p 00000000 00:00 0 
7f2f8a58f000-7f2f8a590000 ---p 00000000 00:00 0 
7f2f8a590000-7f2f8a690000 rw-p 00000000 00:00 0 
7f2f8a690000-7f2f8a691000 ---p 00000000 00:00 0 
7f2f8a691000-7f2f8a79c000 rw-p 00000000 00:00 0 
7f2f8a79c000-7f2f8a7e4000 rw-p 00000000 00:00 0 
7f2f8a7e4000-7f2f8a823000 rw-p 00000000 00:00 0 
7f2f8a823000-7f2f8abcc000 rw-p 00000000 00:00 0 
7f2f8abcc000-7f2f8abd7000 rw-p 00000000 00:00 0 
7f2f8abd7000-7f2f8ac1f000 rw-p 00000000 00:00 0 
7f2f8ac1f000-7f2f8ac5e000 rw-p 00000000 00:00 0 
7f2f8ac5e000-7f2f8b007000 rw-p 00000000 00:00 0 
7f2f8b007000-7f2f8b027000 rw-p 00000000 00:00 0 
7f2f8b027000-7f2f8b1fb000 rw-p 00000000 00:00 0 
7f2f8b1fb000-7f2f8b1fc000 rw-p 00000000 00:00 0 
7f2f8b1fc000-7f2f8b46c000 rwxp 00000000 00:00 0 
7f2f8b46c000-7f2f8e1fc000 rw-p 00000000 00:00 0 
7f2f8e1fc000-7f2f8e203000 r-xp 00000000 08:01 26747230                   /usr/lib/jvm/java-6-openjdk/jre/lib/amd64/libzip.so
7f2f8e203000-7f2f8e402000 ---p 00007000 08:01 26747230                   /usr/lib/jvm/java-6-openjdk/jre/lib/amd64/libzip.so
7f2f8e402000-7f2f8e403000 r--p 00006000 08:01 26747230                   /usr/lib/jvm/java-6-openjdk/jre/lib/amd64/libzip.so
7f2f8e403000-7f2f8e404000 rw-p 00007000 08:01 26747230                   /usr/lib/jvm/java-6-openjdk/jre/lib/amd64/libzip.so
7f2f8e404000-7f2f8e410000 r-xp 00000000 08:01 3276951                    /lib/x86_64-linux-gnu/libnss_files-2.13.so
7f2f8e410000-7f2f8e60f000 ---p 0000c000 08:01 3276951                    /lib/x86_64-linux-gnu/libnss_files-2.13.so
7f2f8e60f000-7f2f8e610000 r--p 0000b000 08:01 3276951                    /lib/x86_64-linux-gnu/libnss_files-2.13.so
7f2f8e610000-7f2f8e611000 rw-p 0000c000 08:01 3276951                    /lib/x86_64-linux-gnu/libnss_files-2.13.so
7f2f8e611000-7f2f8e61b000 r-xp 00000000 08:01 3276953                    /lib/x86_64-linux-gnu/libnss_nis-2.13.so
7f2f8e61b000-7f2f8e81b000 ---p 0000a000 08:01 3276953                    /lib/x86_64-linux-gnu/libnss_nis-2.13.so
7f2f8e81b000-7f2f8e81c000 r--p 0000a000 08:01 3276953                    /lib/x86_64-linux-gnu/libnss_nis-2.13.so
7f2f8e81c000-7f2f8e81d000 rw-p 0000b000 08:01 3276953                    /lib/x86_64-linux-gnu/libnss_nis-2.13.so
7f2f8e81d000-7f2f8e834000 r-xp 00000000 08:01 3276948                    /lib/x86_64-linux-gnu/libnsl-2.13.so
7f2f8e834000-7f2f8ea33000 ---p 00017000 08:01 3276948                    /lib/x86_64-linux-gnu/libnsl-2.13.so
7f2f8ea33000-7f2f8ea34000 r--p 00016000 08:01 3276948                    /lib/x86_64-linux-gnu/libnsl-2.13.so
7f2f8ea34000-7f2f8ea35000 rw-p 00017000 08:01 3276948                    /lib/x86_64-linux-gnu/libnsl-2.13.so
7f2f8ea35000-7f2f8ea37000 rw-p 00000000 00:00 0 
7f2f8ea37000-7f2f8ea3f000 r-xp 00000000 08:01 3276949                    /lib/x86_64-linux-gnu/libnss_compat-2.13.so
7f2f8ea3f000-7f2f8ec3e000 ---p 00008000 08:01 3276949                    /lib/x86_64-linux-gnu/libnss_compat-2.13.so
7f2f8ec3e000-7f2f8ec3f000 r--p 00007000 08:01 3276949                    /lib/x86_64-linux-gnu/libnss_compat-2.13.so
7f2f8ec3f000-7f2f8ec40000 rw-p 00008000 08:01 3276949                    /lib/x86_64-linux-gnu/libnss_compat-2.13.so
7f2f8ec40000-7f2f8f324000 r--p 00000000 08:01 26744925                   /usr/lib/locale/locale-archive
7f2f8f324000-7f2f8f327000 r-xp 00000000 08:01 26747222                   /usr/lib/jvm/java-6-openjdk/jre/lib/amd64/libnpt.so
7f2f8f327000-7f2f8f526000 ---p 00003000 08:01 26747222                   /usr/lib/jvm/java-6-openjdk/jre/lib/amd64/libnpt.so
7f2f8f526000-7f2f8f527000 r--p 00002000 08:01 26747222                   /usr/lib/jvm/java-6-openjdk/jre/lib/amd64/libnpt.so
7f2f8f527000-7f2f8f528000 rw-p 00003000 08:01 26747222                   /usr/lib/jvm/java-6-openjdk/jre/lib/amd64/libnpt.so
7f2f8f528000-7f2f8f531000 r-xp 00000000 08:01 26747225                   /usr/lib/jvm/java-6-openjdk/jre/lib/amd64/libinstrument.so
7f2f8f531000-7f2f8f731000 ---p 00009000 08:01 26747225                   /usr/lib/jvm/java-6-openjdk/jre/lib/amd64/libinstrument.so
7f2f8f731000-7f2f8f732000 r--p 00009000 08:01 26747225                   /usr/lib/jvm/java-6-openjdk/jre/lib/amd64/libinstrument.so
7f2f8f732000-7f2f8f733000 rw-p 0000a000 08:01 26747225                   /usr/lib/jvm/java-6-openjdk/jre/lib/amd64/libinstrument.so
7f2f8f733000-7f2f8f76d000 r-xp 00000000 08:01 26747221                   /usr/lib/jvm/java-6-openjdk/jre/lib/amd64/libjdwp.so
7f2f8f76d000-7f2f8f96c000 ---p 0003a000 08:01 26747221                   /usr/lib/jvm/java-6-openjdk/jre/lib/amd64/libjdwp.so
7f2f8f96c000-7f2f8f96d000 r--p 00039000 08:01 26747221                   /usr/lib/jvm/java-6-openjdk/jre/lib/amd64/libjdwp.so
7f2f8f96d000-7f2f8f96e000 rw-p 0003a000 08:01 26747221                   /usr/lib/jvm/java-6-openjdk/jre/lib/amd64/libjdwp.so
7f2f8f96e000-7f2f8f99a000 r-xp 00000000 08:01 26747229                   /usr/lib/jvm/java-6-openjdk/jre/lib/amd64/libjava.so
7f2f8f99a000-7f2f8fb99000 ---p 0002c000 08:01 26747229                   /usr/lib/jvm/java-6-openjdk/jre/lib/amd64/libjava.so
7f2f8fb99000-7f2f8fb9a000 r--p 0002b000 08:01 26747229                   /usr/lib/jvm/java-6-openjdk/jre/lib/amd64/libjava.so
7f2f8fb9a000-7f2f8fb9d000 rw-p 0002c000 08:01 26747229                   /usr/lib/jvm/java-6-openjdk/jre/lib/amd64/libjava.so
7f2f8fb9d000-7f2f8fbab000 r-xp 00000000 08:01 26747215                   /usr/lib/jvm/java-6-openjdk/jre/lib/amd64/libverify.so
7f2f8fbab000-7f2f8fdaa000 ---p 0000e000 08:01 26747215                   /usr/lib/jvm/java-6-openjdk/jre/lib/amd64/libverify.so
7f2f8fdaa000-7f2f8fdac000 r--p 0000d000 08:01 26747215                   /usr/lib/jvm/java-6-openjdk/jre/lib/amd64/libverify.so
7f2f8fdac000-7f2f8fdad000 rw-p 0000f000 08:01 26747215                   /usr/lib/jvm/java-6-openjdk/jre/lib/amd64/libverify.so
7f2f8fdad000-7f2f8fdb4000 r-xp 00000000 08:01 3276958                    /lib/x86_64-linux-gnu/librt-2.13.so
7f2f8fdb4000-7f2f8ffb3000 ---p 00007000 08:01 3276958                    /lib/x86_64-linux-gnu/librt-2.13.so
7f2f8ffb3000-7f2f8ffb4000 r--p 00006000 08:01 3276958                    /lib/x86_64-linux-gnu/librt-2.13.so
7f2f8ffb4000-7f2f8ffb5000 rw-p 00007000 08:01 3276958                    /lib/x86_64-linux-gnu/librt-2.13.so
7f2f8ffb5000-7f2f8ffca000 r-xp 00000000 08:01 3280546                    /lib/x86_64-linux-gnu/libgcc_s.so.1
7f2f8ffca000-7f2f901c9000 ---p 00015000 08:01 3280546                    /lib/x86_64-linux-gnu/libgcc_s.so.1
7f2f901c9000-7f2f901ca000 r--p 00014000 08:01 3280546                    /lib/x86_64-linux-gnu/libgcc_s.so.1
7f2f901ca000-7f2f901cb000 rw-p 00015000 08:01 3280546                    /lib/x86_64-linux-gnu/libgcc_s.so.1
7f2f901cb000-7f2f9024e000 r-xp 00000000 08:01 3276946                    /lib/x86_64-linux-gnu/libm-2.13.so
7f2f9024e000-7f2f9044d000 ---p 00083000 08:01 3276946                    /lib/x86_64-linux-gnu/libm-2.13.so
7f2f9044d000-7f2f9044e000 r--p 00082000 08:01 3276946                    /lib/x86_64-linux-gnu/libm-2.13.so
7f2f9044e000-7f2f9044f000 rw-p 00083000 08:01 3276946                    /lib/x86_64-linux-gnu/libm-2.13.so
7f2f9044f000-7f2f90537000 r-xp 00000000 08:01 26746045                   /usr/lib/x86_64-linux-gnu/libstdc++.so.6.0.16
7f2f90537000-7f2f90737000 ---p 000e8000 08:01 26746045                   /usr/lib/x86_64-linux-gnu/libstdc++.so.6.0.16
7f2f90737000-7f2f9073f000 r--p 000e8000 08:01 26746045                   /usr/lib/x86_64-linux-gnu/libstdc++.so.6.0.16
7f2f9073f000-7f2f90741000 rw-p 000f0000 08:01 26746045                   /usr/lib/x86_64-linux-gnu/libstdc++.so.6.0.16
7f2f90741000-7f2f90756000 rw-p 00000000 00:00 0 
7f2f90756000-7f2f91059000 r-xp 00000000 08:01 26747233                   /usr/lib/jvm/java-6-openjdk/jre/lib/amd64/server/libjvm.so
7f2f91059000-7f2f91258000 ---p 00903000 08:01 26747233                   /usr/lib/jvm/java-6-openjdk/jre/lib/amd64/server/libjvm.so
7f2f91258000-7f2f912d9000 r--p 00902000 08:01 26747233                   /usr/lib/jvm/java-6-openjdk/jre/lib/amd64/server/libjvm.so
7f2f912d9000-7f2f912f4000 rw-p 00983000 08:01 26747233                   /usr/lib/jvm/java-6-openjdk/jre/lib/amd64/server/libjvm.so
7f2f912f4000-7f2f9131d000 rw-p 00000000 00:00 0 
7f2f9131d000-7f2f91334000 r-xp 00000000 08:01 3280608                    /lib/x86_64-linux-gnu/libz.so.1.2.3.4
7f2f91334000-7f2f91533000 ---p 00017000 08:01 3280608                    /lib/x86_64-linux-gnu/libz.so.1.2.3.4
7f2f91533000-7f2f91534000 r--p 00016000 08:01 3280608                    /lib/x86_64-linux-gnu/libz.so.1.2.3.4
7f2f91534000-7f2f91535000 rw-p 00017000 08:01 3280608                    /lib/x86_64-linux-gnu/libz.so.1.2.3.4
7f2f91535000-7f2f916cc000 r-xp 00000000 08:01 3276840                    /lib/x86_64-linux-gnu/libc-2.13.so
7f2f916cc000-7f2f918cb000 ---p 00197000 08:01 3276840                    /lib/x86_64-linux-gnu/libc-2.13.so
7f2f918cb000-7f2f918cf000 r--p 00196000 08:01 3276840                    /lib/x86_64-linux-gnu/libc-2.13.so
7f2f918cf000-7f2f918d0000 rw-p 0019a000 08:01 3276840                    /lib/x86_64-linux-gnu/libc-2.13.so
7f2f918d0000-7f2f918d6000 rw-p 00000000 00:00 0 
7f2f918d6000-7f2f918d8000 r-xp 00000000 08:01 3276945                    /lib/x86_64-linux-gnu/libdl-2.13.so
7f2f918d8000-7f2f91ad8000 ---p 00002000 08:01 3276945                    /lib/x86_64-linux-gnu/libdl-2.13.so
7f2f91ad8000-7f2f91ad9000 r--p 00002000 08:01 3276945                    /lib/x86_64-linux-gnu/libdl-2.13.so
7f2f91ad9000-7f2f91ada000 rw-p 00003000 08:01 3276945                    /lib/x86_64-linux-gnu/libdl-2.13.so
7f2f91ada000-7f2f91ade000 r-xp 00000000 08:01 26747213                   /usr/lib/jvm/java-6-openjdk/jre/lib/amd64/jli/libjli.so
7f2f91ade000-7f2f91cdd000 ---p 00004000 08:01 26747213                   /usr/lib/jvm/java-6-openjdk/jre/lib/amd64/jli/libjli.so
7f2f91cdd000-7f2f91cde000 r--p 00003000 08:01 26747213                   /usr/lib/jvm/java-6-openjdk/jre/lib/amd64/jli/libjli.so
7f2f91cde000-7f2f91cdf000 rw-p 00004000 08:01 26747213                   /usr/lib/jvm/java-6-openjdk/jre/lib/amd64/jli/libjli.so
7f2f91cdf000-7f2f91cf7000 r-xp 00000000 08:01 3276956                    /lib/x86_64-linux-gnu/libpthread-2.13.so
7f2f91cf7000-7f2f91ef6000 ---p 00018000 08:01 3276956                    /lib/x86_64-linux-gnu/libpthread-2.13.so
7f2f91ef6000-7f2f91ef7000 r--p 00017000 08:01 3276956                    /lib/x86_64-linux-gnu/libpthread-2.13.so
7f2f91ef7000-7f2f91ef8000 rw-p 00018000 08:01 3276956                    /lib/x86_64-linux-gnu/libpthread-2.13.so
7f2f91ef8000-7f2f91efc000 rw-p 00000000 00:00 0 
7f2f91efc000-7f2f91f1d000 r-xp 00000000 08:01 3276804                    /lib/x86_64-linux-gnu/ld-2.13.so
7f2f91f36000-7f2f91f39000 r--s 0007d000 08:01 26741797                   /usr/lib/jvm/java-6-openjdk/jre/lib/jsse.jar
7f2f91f39000-7f2f91f41000 r--s 00066000 08:01 27271604                   /usr/share/java/gnome-java-bridge.jar
7f2f91f41000-7f2f91f4b000 rw-p 00000000 00:00 0 
7f2f91f4b000-7f2f92001000 rw-p 00000000 00:00 0 
7f2f92001000-7f2f92004000 ---p 00000000 00:00 0 
7f2f92004000-7f2f92107000 rw-p 00000000 00:00 0 
7f2f92109000-7f2f9210e000 r--s 0004a000 08:01 20580420                   /home/nikolay/.m2/repository/org/ow2/asm/asm-debug-all/4.0/asm-debug-all-4.0.jar
7f2f9210e000-7f2f92110000 r--s 0000f000 08:01 26741255                   /usr/lib/jvm/java-6-openjdk/jre/lib/ext/pulse-java.jar
7f2f92110000-7f2f92118000 rw-s 00000000 08:01 27661521                   /tmp/hsperfdata_nikolay/24795
7f2f92118000-7f2f92119000 rw-p 00000000 00:00 0 
7f2f92119000-7f2f9211a000 r--p 00000000 00:00 0 
7f2f9211a000-7f2f9211c000 rw-p 00000000 00:00 0 
7f2f9211c000-7f2f9211d000 r--p 00020000 08:01 3276804                    /lib/x86_64-linux-gnu/ld-2.13.so
7f2f9211d000-7f2f9211f000 rw-p 00021000 08:01 3276804                    /lib/x86_64-linux-gnu/ld-2.13.so
7fffd0654000-7fffd0675000 rw-p 00000000 00:00 0                          [stack]
7fffd07bb000-7fffd07bc000 r-xp 00000000 00:00 0                          [vdso]
ffffffffff600000-ffffffffff601000 r-xp 00000000 00:00 0                  [vsyscall]

VM Arguments:
jvm_args: -Xdebug -Xrunjdwp:transport=dt_socket,server=n,address=39371 -javaagent:target/dapij-0.1-SNAPSHOT.jar 
java_command: HelloAzura
Launcher Type: SUN_STANDARD

Environment Variables:
JAVA_HOME=/usr/lib/jvm/default-java
PATH=/usr/lib/lightdm/lightdm:/usr/local/sbin:/usr/local/bin:/usr/sbin:/usr/bin:/sbin:/bin:/usr/games
USERNAME=nikolay
LD_LIBRARY_PATH=/usr/lib/jvm/java-6-openjdk/jre/lib/amd64/server:/usr/lib/jvm/java-6-openjdk/jre/lib/amd64:/usr/lib/jvm/java-6-openjdk/jre/../lib/amd64
SHELL=/bin/bash
DISPLAY=:0.0

Signal Handlers:
SIGSEGV: [libjvm.so+0x783e60], sa_mask[0]=0x7ffbfeff, sa_flags=0x10000004
SIGBUS: [libjvm.so+0x783e60], sa_mask[0]=0x7ffbfeff, sa_flags=0x10000004
SIGFPE: [libjvm.so+0x6485c0], sa_mask[0]=0x7ffbfeff, sa_flags=0x10000004
SIGPIPE: [libjvm.so+0x6485c0], sa_mask[0]=0x7ffbfeff, sa_flags=0x10000004
SIGXFSZ: [libjvm.so+0x6485c0], sa_mask[0]=0x7ffbfeff, sa_flags=0x10000004
SIGILL: [libjvm.so+0x6485c0], sa_mask[0]=0x7ffbfeff, sa_flags=0x10000004
SIGUSR1: SIG_DFL, sa_mask[0]=0x00000000, sa_flags=0x00000000
SIGUSR2: [libjvm.so+0x648770], sa_mask[0]=0x00000004, sa_flags=0x10000004
SIGHUP: [libjvm.so+0x64b280], sa_mask[0]=0x7ffbfeff, sa_flags=0x10000004
SIGINT: SIG_IGN, sa_mask[0]=0x00000000, sa_flags=0x00000000
SIGTERM: [libjvm.so+0x64b280], sa_mask[0]=0x7ffbfeff, sa_flags=0x10000004
SIGQUIT: [libjvm.so+0x64b280], sa_mask[0]=0x7ffbfeff, sa_flags=0x10000004


---------------  S Y S T E M  ---------------

OS:Ubuntu 11.10 (oneiric)
uname:Linux 3.0.0-17-generic #30-Ubuntu SMP Thu Mar 8 20:45:39 UTC 2012 x86_64
libc:glibc 2.13 NPTL 2.13 
rlimit: STACK 8192k, CORE 0k, NPROC 95843, NOFILE 4096, AS infinity
load average:0.14 0.10 0.10

/proc/meminfo:
MemTotal:       12285724 kB
MemFree:         7612448 kB
Buffers:          325840 kB
Cached:          1716664 kB
SwapCached:            0 kB
Active:          2811232 kB
Inactive:        1206092 kB
Active(anon):    1975748 kB
Inactive(anon):    16004 kB
Active(file):     835484 kB
Inactive(file):  1190088 kB
Unevictable:          16 kB
Mlocked:              16 kB
SwapTotal:      12536828 kB
SwapFree:       12536828 kB
Dirty:               224 kB
Writeback:             0 kB
AnonPages:       1975272 kB
Mapped:           312984 kB
Shmem:             16752 kB
Slab:             181648 kB
SReclaimable:     148884 kB
SUnreclaim:        32764 kB
KernelStack:        3304 kB
PageTables:        29812 kB
NFS_Unstable:          0 kB
Bounce:                0 kB
WritebackTmp:          0 kB
CommitLimit:    18679688 kB
Committed_AS:    4343796 kB
VmallocTotal:   34359738367 kB
VmallocUsed:      147220 kB
VmallocChunk:   34359589008 kB
HardwareCorrupted:     0 kB
AnonHugePages:         0 kB
HugePages_Total:       0
HugePages_Free:        0
HugePages_Rsvd:        0
HugePages_Surp:        0
Hugepagesize:       2048 kB
DirectMap4k:      391168 kB
DirectMap2M:    12150784 kB


CPU:total 4 (4 cores per cpu, 1 threads per core) family 6 model 42 stepping 7, cmov, cx8, fxsr, mmx, sse, sse2, sse3, ssse3, sse4.1, sse4.2, popcnt

Memory: 4k page, physical 12285724k(7612448k free), swap 12536828k(12536828k free)

vm_info: OpenJDK 64-Bit Server VM (20.0-b11) for linux-amd64 JRE (1.6.0_23-b23), built on Feb 23 2012 05:39:46 by "buildd" with gcc 4.6.1

time: Tue Jun 26 10:25:25 2012
elapsed time: 0 seconds

