#
# A fatal error has been detected by the Java Runtime Environment:
#
#  SIGSEGV (0xb) at pc=0x0000000000000000, pid=3606, tid=140618560874240
#
# JRE version: 6.0_23-b23
# Java VM: OpenJDK 64-Bit Server VM (20.0-b11 mixed mode linux-amd64 compressed oops)
# Derivative: IcedTea6 1.11pre
# Distribution: Ubuntu 11.10, package 6b23~pre11-0ubuntu1.11.10.2
# Problematic frame:
# C  0x0000000000000000
#
# If you would like to submit a bug report, please include
# instructions how to reproduce the bug and visit:
#   https://bugs.launchpad.net/ubuntu/+source/openjdk-6/
#

---------------  T H R E A D  ---------------

Current thread (0x0000000000aa6800):  JavaThread "main" [_thread_in_Java, id=3610, stack(0x00007fe44f4ea000,0x00007fe44f5eb000)]

siginfo:si_signo=SIGSEGV: si_errno=0, si_code=1 (SEGV_MAPERR), si_addr=0x0000000000000000

Registers:
RAX=0x0000000000000000, RBX=0x000000073a59ea90, RCX=0x00007fe44f5e9820, RDX=0x00007fe44920e85a
RSP=0x00007fe44f5e9800, RBP=0x00007fe44f5e9860, RSI=0x0000000000b7001f, RDI=0x0000000000aa7310
R8 =0x0000000000000000, R9 =0x0000000000000000, R10=0x00007fe44e7fd5e0, R11=0x0000000000aa7428
R12=0x0000000000000000, R13=0x00007fe44f5e9808, R14=0x00007fe44f5e9870, R15=0x0000000000aa6800
RIP=0x0000000000000000, EFLAGS=0x0000000000010246, CSGSFS=0x0000000000000033, ERR=0x0000000000000014
  TRAPNO=0x000000000000000e

Top of Stack: (sp=0x00007fe44f5e9800)
0x00007fe44f5e9800:   00007fe44920e85a 0000000000000000
0x00007fe44f5e9810:   00000007c1819a98 00007fe44f5e9820
0x00007fe44f5e9820:   00007fe44f5e9820 000000073a59d276
0x00007fe44f5e9830:   00007fe44f5e9870 000000073a59de80
0x00007fe44f5e9840:   0000000000000000 000000073a59d290
0x00007fe44f5e9850:   00007fe44f5e9808 00007fe44f5e9870
0x00007fe44f5e9860:   00007fe44f5e98c8 00007fe44920ee8d
0x00007fe44f5e9870:   00000007c19f1370 0000000000000001
0x00007fe44f5e9880:   0000000000000000 00007fe44f5e9878
0x00007fe44f5e9890:   000000073a3c35f4 00007fe44f5e98f8
0x00007fe44f5e98a0:   000000073a3c3ad8 0000000000000000
0x00007fe44f5e98b0:   000000073a3c36a0 00007fe44f5e9870
0x00007fe44f5e98c0:   00007fe44f5e98f8 00007fe44f5e9940
0x00007fe44f5e98d0:   00007fe44920ed34 0000000000000000
0x00007fe44f5e98e0:   0000000000000000 000000073a3c3a70
0x00007fe44f5e98f0:   00000007c19f1370 00000007c1819bd0
0x00007fe44f5e9900:   00007fe44f5e9900 000000073a3bce8b
0x00007fe44f5e9910:   00007fe44f5e9968 000000073a3bdab8
0x00007fe44f5e9920:   0000000000000000 000000073a3bcee8
0x00007fe44f5e9930:   00007fe44f5e98f8 00007fe44f5e9970
0x00007fe44f5e9940:   00007fe44f5e99c0 00007fe44920e85a
0x00007fe44f5e9950:   0000000000000000 0000000000000000
0x00007fe44f5e9960:   00000007c1819bd0 00000007c19d3ef0
0x00007fe44f5e9970:   0000000000000001 0000000000000000
0x00007fe44f5e9980:   00007fe44f5e9970 000000073a3bd2e2
0x00007fe44f5e9990:   00007fe44f5e99e0 000000073a3bdab8
0x00007fe44f5e99a0:   0000000000000000 000000073a3bd328
0x00007fe44f5e99b0:   00007fe44f5e9970 00007fe44f5e99e8
0x00007fe44f5e99c0:   00007fe44f5e9a38 00007fe44920e85a
0x00007fe44f5e99d0:   0000000000000000 0000000000000000
0x00007fe44f5e99e0:   00000007c1819a68 0000000000000001
0x00007fe44f5e99f0:   000000073a3bda30 00007fe44f5e99e8 

Instructions: (pc=0x0000000000000000)
0xffffffffffffffe0:   

Register to memory mapping:

RAX=0x0000000000000000 is an unknown value
RBX=0x000000073a59ea90 is an oop
{method} 
 - klass: {other class}
RCX=0x00007fe44f5e9820 is pointing into the stack for thread: 0x0000000000aa6800
RDX=0x00007fe44920e85a is an Interpreter codelet
return entry points  [0x00007fe44920e140, 0x00007fe44920f700]  5568 bytes
RSP=0x00007fe44f5e9800 is pointing into the stack for thread: 0x0000000000aa6800
RBP=0x00007fe44f5e9860 is pointing into the stack for thread: 0x0000000000aa6800
RSI=0x0000000000b7001f is an unknown value
RDI=0x0000000000aa7310 is an unknown value
R8 =0x0000000000000000 is an unknown value
R9 =0x0000000000000000 is an unknown value
R10=0x00007fe44e7fd5e0: <offset 0xbbd5e0> in /usr/lib/jvm/java-6-openjdk/jre/lib/amd64/server/libjvm.so at 0x00007fe44dc40000
R11=0x0000000000aa7428 is an unknown value
R12=0x0000000000000000 is an unknown value
R13=0x00007fe44f5e9808 is pointing into the stack for thread: 0x0000000000aa6800
R14=0x00007fe44f5e9870 is pointing into the stack for thread: 0x0000000000aa6800
R15=0x0000000000aa6800 is a thread


Stack: [0x00007fe44f4ea000,0x00007fe44f5eb000],  sp=0x00007fe44f5e9800,  free space=1022k

---------------  P R O C E S S  ---------------

Java Threads: ( => current thread )
  0x00007fe440003800 JavaThread "Low Memory Detector" daemon [_thread_blocked, id=3621, stack(0x00007fe446ebf000,0x00007fe446fc0000)]
  0x00007fe440001000 JavaThread "C2 CompilerThread1" daemon [_thread_blocked, id=3620, stack(0x00007fe446fc0000,0x00007fe4470c1000)]
  0x0000000000b65800 JavaThread "C2 CompilerThread0" daemon [_thread_in_native, id=3619, stack(0x00007fe4470c1000,0x00007fe4471c2000)]
  0x0000000000b2f000 JavaThread "Signal Dispatcher" daemon [_thread_blocked, id=3618, stack(0x00007fe4471c2000,0x00007fe4472c3000)]
  0x0000000000b1c000 JavaThread "Finalizer" daemon [_thread_blocked, id=3617, stack(0x00007fe4479a7000,0x00007fe447aa8000)]
  0x0000000000b15000 JavaThread "Reference Handler" daemon [_thread_blocked, id=3616, stack(0x00007fe447aa8000,0x00007fe447ba9000)]
=>0x0000000000aa6800 JavaThread "main" [_thread_in_Java, id=3610, stack(0x00007fe44f4ea000,0x00007fe44f5eb000)]

Other Threads:
  0x0000000000b0e000 VMThread [stack: 0x00007fe447ba9000,0x00007fe447caa000] [id=3615]
  0x00007fe44000e800 WatcherThread [stack: 0x00007fe446dbe000,0x00007fe446ebf000] [id=3622]

VM state:not at safepoint (normal execution)

VM Mutex/Monitor currently owned by a thread: None

Heap
 PSYoungGen      total 56000K, used 2882K [0x00000007c1800000, 0x00000007c5680000, 0x0000000800000000)
  eden space 48000K, 6% used [0x00000007c1800000,0x00000007c1ad0830,0x00000007c46e0000)
  from space 8000K, 0% used [0x00000007c4eb0000,0x00000007c4eb0000,0x00000007c5680000)
  to   space 8000K, 0% used [0x00000007c46e0000,0x00000007c46e0000,0x00000007c4eb0000)
 PSOldGen        total 128000K, used 0K [0x0000000744800000, 0x000000074c500000, 0x00000007c1800000)
  object space 128000K, 0% used [0x0000000744800000,0x0000000744800000,0x000000074c500000)
 PSPermGen       total 21248K, used 3713K [0x000000073a200000, 0x000000073b6c0000, 0x0000000744800000)
  object space 21248K, 17% used [0x000000073a200000,0x000000073a5a0438,0x000000073b6c0000)

Code Cache  [0x00007fe449209000, 0x00007fe449479000, 0x00007fe44c209000)
 total_blobs=184 nmethods=5 adapters=134 free_code_cache=49933632 largest_free_block=13760

Dynamic libraries:
00400000-00409000 r-xp 00000000 08:01 26747197                           /usr/lib/jvm/java-6-openjdk/jre/bin/java
00608000-00609000 r--p 00008000 08:01 26747197                           /usr/lib/jvm/java-6-openjdk/jre/bin/java
00609000-0060a000 rw-p 00009000 08:01 26747197                           /usr/lib/jvm/java-6-openjdk/jre/bin/java
00a9b000-00d73000 rw-p 00000000 00:00 0                                  [heap]
73a200000-73b6c0000 rw-p 00000000 00:00 0 
73b6c0000-744800000 rw-p 00000000 00:00 0 
744800000-74c500000 rw-p 00000000 00:00 0 
74c500000-7c1800000 rw-p 00000000 00:00 0 
7c1800000-7c5680000 rw-p 00000000 00:00 0 
7c5680000-800000000 rw-p 00000000 00:00 0 
7fe440000000-7fe440124000 rw-p 00000000 00:00 0 
7fe440124000-7fe444000000 ---p 00000000 00:00 0 
7fe446dbe000-7fe446dbf000 ---p 00000000 00:00 0 
7fe446dbf000-7fe446ebf000 rw-p 00000000 00:00 0 
7fe446ebf000-7fe446ec2000 ---p 00000000 00:00 0 
7fe446ec2000-7fe446fc0000 rw-p 00000000 00:00 0 
7fe446fc0000-7fe446fc3000 ---p 00000000 00:00 0 
7fe446fc3000-7fe4470c1000 rw-p 00000000 00:00 0 
7fe4470c1000-7fe4470c4000 ---p 00000000 00:00 0 
7fe4470c4000-7fe4471c2000 rw-p 00000000 00:00 0 
7fe4471c2000-7fe4471c5000 ---p 00000000 00:00 0 
7fe4471c5000-7fe4472c3000 rw-p 00000000 00:00 0 
7fe4472c3000-7fe4479a7000 r--p 00000000 08:01 26744925                   /usr/lib/locale/locale-archive
7fe4479a7000-7fe4479aa000 ---p 00000000 00:00 0 
7fe4479aa000-7fe447aa8000 rw-p 00000000 00:00 0 
7fe447aa8000-7fe447aab000 ---p 00000000 00:00 0 
7fe447aab000-7fe447ba9000 rw-p 00000000 00:00 0 
7fe447ba9000-7fe447baa000 ---p 00000000 00:00 0 
7fe447baa000-7fe4481e2000 rw-p 00000000 00:00 0 
7fe4481e2000-7fe448372000 r--s 037ba000 08:01 26747246                   /usr/lib/jvm/java-6-openjdk/jre/lib/rt.jar
7fe448372000-7fe44839a000 rw-p 00000000 00:00 0 
7fe44839a000-7fe44839b000 ---p 00000000 00:00 0 
7fe44839b000-7fe44849b000 rw-p 00000000 00:00 0 
7fe44849b000-7fe44849c000 ---p 00000000 00:00 0 
7fe44849c000-7fe44859c000 rw-p 00000000 00:00 0 
7fe44859c000-7fe44859d000 ---p 00000000 00:00 0 
7fe44859d000-7fe44869d000 rw-p 00000000 00:00 0 
7fe44869d000-7fe44869e000 ---p 00000000 00:00 0 
7fe44869e000-7fe4487a9000 rw-p 00000000 00:00 0 
7fe4487a9000-7fe4487f1000 rw-p 00000000 00:00 0 
7fe4487f1000-7fe448830000 rw-p 00000000 00:00 0 
7fe448830000-7fe448bd9000 rw-p 00000000 00:00 0 
7fe448bd9000-7fe448be4000 rw-p 00000000 00:00 0 
7fe448be4000-7fe448c2c000 rw-p 00000000 00:00 0 
7fe448c2c000-7fe448c6b000 rw-p 00000000 00:00 0 
7fe448c6b000-7fe449014000 rw-p 00000000 00:00 0 
7fe449014000-7fe449034000 rw-p 00000000 00:00 0 
7fe449034000-7fe449208000 rw-p 00000000 00:00 0 
7fe449208000-7fe449209000 rw-p 00000000 00:00 0 
7fe449209000-7fe449479000 rwxp 00000000 00:00 0 
7fe449479000-7fe44c209000 rw-p 00000000 00:00 0 
7fe44c209000-7fe44c210000 r-xp 00000000 08:01 26747230                   /usr/lib/jvm/java-6-openjdk/jre/lib/amd64/libzip.so
7fe44c210000-7fe44c40f000 ---p 00007000 08:01 26747230                   /usr/lib/jvm/java-6-openjdk/jre/lib/amd64/libzip.so
7fe44c40f000-7fe44c410000 r--p 00006000 08:01 26747230                   /usr/lib/jvm/java-6-openjdk/jre/lib/amd64/libzip.so
7fe44c410000-7fe44c411000 rw-p 00007000 08:01 26747230                   /usr/lib/jvm/java-6-openjdk/jre/lib/amd64/libzip.so
7fe44c411000-7fe44c41d000 r-xp 00000000 08:01 3276951                    /lib/x86_64-linux-gnu/libnss_files-2.13.so
7fe44c41d000-7fe44c61c000 ---p 0000c000 08:01 3276951                    /lib/x86_64-linux-gnu/libnss_files-2.13.so
7fe44c61c000-7fe44c61d000 r--p 0000b000 08:01 3276951                    /lib/x86_64-linux-gnu/libnss_files-2.13.so
7fe44c61d000-7fe44c61e000 rw-p 0000c000 08:01 3276951                    /lib/x86_64-linux-gnu/libnss_files-2.13.so
7fe44c61e000-7fe44c628000 r-xp 00000000 08:01 3276953                    /lib/x86_64-linux-gnu/libnss_nis-2.13.so
7fe44c628000-7fe44c828000 ---p 0000a000 08:01 3276953                    /lib/x86_64-linux-gnu/libnss_nis-2.13.so
7fe44c828000-7fe44c829000 r--p 0000a000 08:01 3276953                    /lib/x86_64-linux-gnu/libnss_nis-2.13.so
7fe44c829000-7fe44c82a000 rw-p 0000b000 08:01 3276953                    /lib/x86_64-linux-gnu/libnss_nis-2.13.so
7fe44c82a000-7fe44c841000 r-xp 00000000 08:01 3276948                    /lib/x86_64-linux-gnu/libnsl-2.13.so
7fe44c841000-7fe44ca40000 ---p 00017000 08:01 3276948                    /lib/x86_64-linux-gnu/libnsl-2.13.so
7fe44ca40000-7fe44ca41000 r--p 00016000 08:01 3276948                    /lib/x86_64-linux-gnu/libnsl-2.13.so
7fe44ca41000-7fe44ca42000 rw-p 00017000 08:01 3276948                    /lib/x86_64-linux-gnu/libnsl-2.13.so
7fe44ca42000-7fe44ca44000 rw-p 00000000 00:00 0 
7fe44ca44000-7fe44ca4c000 r-xp 00000000 08:01 3276949                    /lib/x86_64-linux-gnu/libnss_compat-2.13.so
7fe44ca4c000-7fe44cc4b000 ---p 00008000 08:01 3276949                    /lib/x86_64-linux-gnu/libnss_compat-2.13.so
7fe44cc4b000-7fe44cc4c000 r--p 00007000 08:01 3276949                    /lib/x86_64-linux-gnu/libnss_compat-2.13.so
7fe44cc4c000-7fe44cc4d000 rw-p 00008000 08:01 3276949                    /lib/x86_64-linux-gnu/libnss_compat-2.13.so
7fe44cc4d000-7fe44cc56000 r-xp 00000000 08:01 26747225                   /usr/lib/jvm/java-6-openjdk/jre/lib/amd64/libinstrument.so
7fe44cc56000-7fe44ce56000 ---p 00009000 08:01 26747225                   /usr/lib/jvm/java-6-openjdk/jre/lib/amd64/libinstrument.so
7fe44ce56000-7fe44ce57000 r--p 00009000 08:01 26747225                   /usr/lib/jvm/java-6-openjdk/jre/lib/amd64/libinstrument.so
7fe44ce57000-7fe44ce58000 rw-p 0000a000 08:01 26747225                   /usr/lib/jvm/java-6-openjdk/jre/lib/amd64/libinstrument.so
7fe44ce58000-7fe44ce84000 r-xp 00000000 08:01 26747229                   /usr/lib/jvm/java-6-openjdk/jre/lib/amd64/libjava.so
7fe44ce84000-7fe44d083000 ---p 0002c000 08:01 26747229                   /usr/lib/jvm/java-6-openjdk/jre/lib/amd64/libjava.so
7fe44d083000-7fe44d084000 r--p 0002b000 08:01 26747229                   /usr/lib/jvm/java-6-openjdk/jre/lib/amd64/libjava.so
7fe44d084000-7fe44d087000 rw-p 0002c000 08:01 26747229                   /usr/lib/jvm/java-6-openjdk/jre/lib/amd64/libjava.so
7fe44d087000-7fe44d095000 r-xp 00000000 08:01 26747215                   /usr/lib/jvm/java-6-openjdk/jre/lib/amd64/libverify.so
7fe44d095000-7fe44d294000 ---p 0000e000 08:01 26747215                   /usr/lib/jvm/java-6-openjdk/jre/lib/amd64/libverify.so
7fe44d294000-7fe44d296000 r--p 0000d000 08:01 26747215                   /usr/lib/jvm/java-6-openjdk/jre/lib/amd64/libverify.so
7fe44d296000-7fe44d297000 rw-p 0000f000 08:01 26747215                   /usr/lib/jvm/java-6-openjdk/jre/lib/amd64/libverify.so
7fe44d297000-7fe44d29e000 r-xp 00000000 08:01 3276958                    /lib/x86_64-linux-gnu/librt-2.13.so
7fe44d29e000-7fe44d49d000 ---p 00007000 08:01 3276958                    /lib/x86_64-linux-gnu/librt-2.13.so
7fe44d49d000-7fe44d49e000 r--p 00006000 08:01 3276958                    /lib/x86_64-linux-gnu/librt-2.13.so
7fe44d49e000-7fe44d49f000 rw-p 00007000 08:01 3276958                    /lib/x86_64-linux-gnu/librt-2.13.so
7fe44d49f000-7fe44d4b4000 r-xp 00000000 08:01 3280546                    /lib/x86_64-linux-gnu/libgcc_s.so.1
7fe44d4b4000-7fe44d6b3000 ---p 00015000 08:01 3280546                    /lib/x86_64-linux-gnu/libgcc_s.so.1
7fe44d6b3000-7fe44d6b4000 r--p 00014000 08:01 3280546                    /lib/x86_64-linux-gnu/libgcc_s.so.1
7fe44d6b4000-7fe44d6b5000 rw-p 00015000 08:01 3280546                    /lib/x86_64-linux-gnu/libgcc_s.so.1
7fe44d6b5000-7fe44d738000 r-xp 00000000 08:01 3276946                    /lib/x86_64-linux-gnu/libm-2.13.so
7fe44d738000-7fe44d937000 ---p 00083000 08:01 3276946                    /lib/x86_64-linux-gnu/libm-2.13.so
7fe44d937000-7fe44d938000 r--p 00082000 08:01 3276946                    /lib/x86_64-linux-gnu/libm-2.13.so
7fe44d938000-7fe44d939000 rw-p 00083000 08:01 3276946                    /lib/x86_64-linux-gnu/libm-2.13.so
7fe44d939000-7fe44da21000 r-xp 00000000 08:01 26746045                   /usr/lib/x86_64-linux-gnu/libstdc++.so.6.0.16
7fe44da21000-7fe44dc21000 ---p 000e8000 08:01 26746045                   /usr/lib/x86_64-linux-gnu/libstdc++.so.6.0.16
7fe44dc21000-7fe44dc29000 r--p 000e8000 08:01 26746045                   /usr/lib/x86_64-linux-gnu/libstdc++.so.6.0.16
7fe44dc29000-7fe44dc2b000 rw-p 000f0000 08:01 26746045                   /usr/lib/x86_64-linux-gnu/libstdc++.so.6.0.16
7fe44dc2b000-7fe44dc40000 rw-p 00000000 00:00 0 
7fe44dc40000-7fe44e543000 r-xp 00000000 08:01 26747233                   /usr/lib/jvm/java-6-openjdk/jre/lib/amd64/server/libjvm.so
7fe44e543000-7fe44e742000 ---p 00903000 08:01 26747233                   /usr/lib/jvm/java-6-openjdk/jre/lib/amd64/server/libjvm.so
7fe44e742000-7fe44e7c3000 r--p 00902000 08:01 26747233                   /usr/lib/jvm/java-6-openjdk/jre/lib/amd64/server/libjvm.so
7fe44e7c3000-7fe44e7de000 rw-p 00983000 08:01 26747233                   /usr/lib/jvm/java-6-openjdk/jre/lib/amd64/server/libjvm.so
7fe44e7de000-7fe44e807000 rw-p 00000000 00:00 0 
7fe44e807000-7fe44e81e000 r-xp 00000000 08:01 3280608                    /lib/x86_64-linux-gnu/libz.so.1.2.3.4
7fe44e81e000-7fe44ea1d000 ---p 00017000 08:01 3280608                    /lib/x86_64-linux-gnu/libz.so.1.2.3.4
7fe44ea1d000-7fe44ea1e000 r--p 00016000 08:01 3280608                    /lib/x86_64-linux-gnu/libz.so.1.2.3.4
7fe44ea1e000-7fe44ea1f000 rw-p 00017000 08:01 3280608                    /lib/x86_64-linux-gnu/libz.so.1.2.3.4
7fe44ea1f000-7fe44ebb6000 r-xp 00000000 08:01 3276840                    /lib/x86_64-linux-gnu/libc-2.13.so
7fe44ebb6000-7fe44edb5000 ---p 00197000 08:01 3276840                    /lib/x86_64-linux-gnu/libc-2.13.so
7fe44edb5000-7fe44edb9000 r--p 00196000 08:01 3276840                    /lib/x86_64-linux-gnu/libc-2.13.so
7fe44edb9000-7fe44edba000 rw-p 0019a000 08:01 3276840                    /lib/x86_64-linux-gnu/libc-2.13.so
7fe44edba000-7fe44edc0000 rw-p 00000000 00:00 0 
7fe44edc0000-7fe44edc2000 r-xp 00000000 08:01 3276945                    /lib/x86_64-linux-gnu/libdl-2.13.so
7fe44edc2000-7fe44efc2000 ---p 00002000 08:01 3276945                    /lib/x86_64-linux-gnu/libdl-2.13.so
7fe44efc2000-7fe44efc3000 r--p 00002000 08:01 3276945                    /lib/x86_64-linux-gnu/libdl-2.13.so
7fe44efc3000-7fe44efc4000 rw-p 00003000 08:01 3276945                    /lib/x86_64-linux-gnu/libdl-2.13.so
7fe44efc4000-7fe44efc8000 r-xp 00000000 08:01 26747213                   /usr/lib/jvm/java-6-openjdk/jre/lib/amd64/jli/libjli.so
7fe44efc8000-7fe44f1c7000 ---p 00004000 08:01 26747213                   /usr/lib/jvm/java-6-openjdk/jre/lib/amd64/jli/libjli.so
7fe44f1c7000-7fe44f1c8000 r--p 00003000 08:01 26747213                   /usr/lib/jvm/java-6-openjdk/jre/lib/amd64/jli/libjli.so
7fe44f1c8000-7fe44f1c9000 rw-p 00004000 08:01 26747213                   /usr/lib/jvm/java-6-openjdk/jre/lib/amd64/jli/libjli.so
7fe44f1c9000-7fe44f1e1000 r-xp 00000000 08:01 3276956                    /lib/x86_64-linux-gnu/libpthread-2.13.so
7fe44f1e1000-7fe44f3e0000 ---p 00018000 08:01 3276956                    /lib/x86_64-linux-gnu/libpthread-2.13.so
7fe44f3e0000-7fe44f3e1000 r--p 00017000 08:01 3276956                    /lib/x86_64-linux-gnu/libpthread-2.13.so
7fe44f3e1000-7fe44f3e2000 rw-p 00018000 08:01 3276956                    /lib/x86_64-linux-gnu/libpthread-2.13.so
7fe44f3e2000-7fe44f3e6000 rw-p 00000000 00:00 0 
7fe44f3e6000-7fe44f407000 r-xp 00000000 08:01 3276804                    /lib/x86_64-linux-gnu/ld-2.13.so
7fe44f422000-7fe44f425000 r--s 0007d000 08:01 26741797                   /usr/lib/jvm/java-6-openjdk/jre/lib/jsse.jar
7fe44f425000-7fe44f42a000 r--s 0004a000 08:01 20580420                   /home/nikolay/.m2/repository/org/ow2/asm/asm-debug-all/4.0/asm-debug-all-4.0.jar
7fe44f42a000-7fe44f434000 rw-p 00000000 00:00 0 
7fe44f434000-7fe44f4ea000 rw-p 00000000 00:00 0 
7fe44f4ea000-7fe44f4ed000 ---p 00000000 00:00 0 
7fe44f4ed000-7fe44f5f0000 rw-p 00000000 00:00 0 
7fe44f5f0000-7fe44f5f8000 r--s 00066000 08:01 27271604                   /usr/share/java/gnome-java-bridge.jar
7fe44f5f8000-7fe44f5fa000 r--s 0000f000 08:01 26741255                   /usr/lib/jvm/java-6-openjdk/jre/lib/ext/pulse-java.jar
7fe44f5fa000-7fe44f602000 rw-s 00000000 08:01 27661517                   /tmp/hsperfdata_nikolay/3606
7fe44f602000-7fe44f603000 rw-p 00000000 00:00 0 
7fe44f603000-7fe44f604000 r--p 00000000 00:00 0 
7fe44f604000-7fe44f606000 rw-p 00000000 00:00 0 
7fe44f606000-7fe44f607000 r--p 00020000 08:01 3276804                    /lib/x86_64-linux-gnu/ld-2.13.so
7fe44f607000-7fe44f609000 rw-p 00021000 08:01 3276804                    /lib/x86_64-linux-gnu/ld-2.13.so
7fff64a96000-7fff64ab7000 rw-p 00000000 00:00 0                          [stack]
7fff64ab7000-7fff64ab8000 r-xp 00000000 00:00 0                          [vdso]
ffffffffff600000-ffffffffff601000 r-xp 00000000 00:00 0                  [vsyscall]

VM Arguments:
jvm_args: -javaagent:target/dapij-0.1-SNAPSHOT.jar 
java_command: HelloAzura
Launcher Type: SUN_STANDARD

Environment Variables:
JAVA_HOME=/usr/lib/jvm/default-java
PATH=/usr/lib/lightdm/lightdm:/usr/local/sbin:/usr/local/bin:/usr/sbin:/usr/bin:/sbin:/bin:/usr/games
USERNAME=nikolay
LD_LIBRARY_PATH=/usr/lib/jvm/java-6-openjdk/jre/lib/amd64/server:/usr/lib/jvm/java-6-openjdk/jre/lib/amd64:/usr/lib/jvm/java-6-openjdk/jre/../lib/amd64
SHELL=/bin/bash
DISPLAY=:0.0

Signal Handlers:
SIGSEGV: [libjvm.so+0x783e60], sa_mask[0]=0x7ffbfeff, sa_flags=0x10000004
SIGBUS: [libjvm.so+0x783e60], sa_mask[0]=0x7ffbfeff, sa_flags=0x10000004
SIGFPE: [libjvm.so+0x6485c0], sa_mask[0]=0x7ffbfeff, sa_flags=0x10000004
SIGPIPE: [libjvm.so+0x6485c0], sa_mask[0]=0x7ffbfeff, sa_flags=0x10000004
SIGXFSZ: [libjvm.so+0x6485c0], sa_mask[0]=0x7ffbfeff, sa_flags=0x10000004
SIGILL: [libjvm.so+0x6485c0], sa_mask[0]=0x7ffbfeff, sa_flags=0x10000004
SIGUSR1: SIG_DFL, sa_mask[0]=0x00000000, sa_flags=0x00000000
SIGUSR2: [libjvm.so+0x648770], sa_mask[0]=0x00000004, sa_flags=0x10000004
SIGHUP: [libjvm.so+0x64b280], sa_mask[0]=0x7ffbfeff, sa_flags=0x10000004
SIGINT: SIG_IGN, sa_mask[0]=0x00000000, sa_flags=0x00000000
SIGTERM: [libjvm.so+0x64b280], sa_mask[0]=0x7ffbfeff, sa_flags=0x10000004
SIGQUIT: [libjvm.so+0x64b280], sa_mask[0]=0x7ffbfeff, sa_flags=0x10000004


---------------  S Y S T E M  ---------------

OS:Ubuntu 11.10 (oneiric)
uname:Linux 3.0.0-17-generic #30-Ubuntu SMP Thu Mar 8 20:45:39 UTC 2012 x86_64
libc:glibc 2.13 NPTL 2.13 
rlimit: STACK 8192k, CORE 0k, NPROC 95843, NOFILE 4096, AS infinity
load average:0.34 0.23 0.16

/proc/meminfo:
MemTotal:       12285724 kB
MemFree:         7636812 kB
Buffers:          331932 kB
Cached:          1924976 kB
SwapCached:            0 kB
Active:          2634728 kB
Inactive:        1319276 kB
Active(anon):    1697840 kB
Inactive(anon):    12092 kB
Active(file):     936888 kB
Inactive(file):  1307184 kB
Unevictable:          16 kB
Mlocked:              16 kB
SwapTotal:      12536828 kB
SwapFree:       12536828 kB
Dirty:               608 kB
Writeback:             0 kB
AnonPages:       1697412 kB
Mapped:           326820 kB
Shmem:             12840 kB
Slab:             184384 kB
SReclaimable:     150388 kB
SUnreclaim:        33996 kB
KernelStack:        3696 kB
PageTables:        29096 kB
NFS_Unstable:          0 kB
Bounce:                0 kB
WritebackTmp:          0 kB
CommitLimit:    18679688 kB
Committed_AS:    4073592 kB
VmallocTotal:   34359738367 kB
VmallocUsed:      147224 kB
VmallocChunk:   34359589008 kB
HardwareCorrupted:     0 kB
AnonHugePages:         0 kB
HugePages_Total:       0
HugePages_Free:        0
HugePages_Rsvd:        0
HugePages_Surp:        0
Hugepagesize:       2048 kB
DirectMap4k:      428032 kB
DirectMap2M:    12113920 kB


CPU:total 4 (4 cores per cpu, 1 threads per core) family 6 model 42 stepping 7, cmov, cx8, fxsr, mmx, sse, sse2, sse3, ssse3, sse4.1, sse4.2, popcnt

Memory: 4k page, physical 12285724k(7636812k free), swap 12536828k(12536828k free)

vm_info: OpenJDK 64-Bit Server VM (20.0-b11) for linux-amd64 JRE (1.6.0_23-b23), built on Feb 23 2012 05:39:46 by "buildd" with gcc 4.6.1

time: Wed Jun 27 14:12:30 2012
elapsed time: 0 seconds

