#
# A fatal error has been detected by the Java Runtime Environment:
#
#  SIGSEGV (0xb) at pc=0x0000000000000000, pid=3304, tid=140575035193088
#
# JRE version: 6.0_23-b23
# Java VM: OpenJDK 64-Bit Server VM (20.0-b11 mixed mode linux-amd64 compressed oops)
# Derivative: IcedTea6 1.11pre
# Distribution: Ubuntu 11.10, package 6b23~pre11-0ubuntu1.11.10.2
# Problematic frame:
# C  0x0000000000000000
#
# If you would like to submit a bug report, please include
# instructions how to reproduce the bug and visit:
#   https://bugs.launchpad.net/ubuntu/+source/openjdk-6/
#

---------------  T H R E A D  ---------------

Current thread (0x0000000000f7e800):  JavaThread "main" [_thread_in_Java, id=3307, stack(0x00007fda2cf97000,0x00007fda2d098000)]

siginfo:si_signo=SIGSEGV: si_errno=0, si_code=1 (SEGV_MAPERR), si_addr=0x0000000000000000

Registers:
RAX=0x0000000000000000, RBX=0x000000073a57d9e0, RCX=0x00007fda2d096820, RDX=0x00007fda26cbb85a
RSP=0x00007fda2d096800, RBP=0x00007fda2d096860, RSI=0x0000000000b7001f, RDI=0x0000000000f7f310
R8 =0x0000000000000000, R9 =0x0000000000000000, R10=0x00007fda2c2aa5e0, R11=0x0000000000f7f428
R12=0x0000000000000000, R13=0x00007fda2d096808, R14=0x00007fda2d096870, R15=0x0000000000f7e800
RIP=0x0000000000000000, EFLAGS=0x0000000000010246, CSGSFS=0x0000000000000033, ERR=0x0000000000000014
  TRAPNO=0x000000000000000e

Top of Stack: (sp=0x00007fda2d096800)
0x00007fda2d096800:   00007fda26cbb85a 0000000000000000
0x00007fda2d096810:   00000007c1819a98 00007fda2d096820
0x00007fda2d096820:   00007fda2d096820 000000073a57c20e
0x00007fda2d096830:   00007fda2d096870 000000073a57ce18
0x00007fda2d096840:   0000000000000000 000000073a57c228
0x00007fda2d096850:   00007fda2d096808 00007fda2d096870
0x00007fda2d096860:   00007fda2d0968c8 00007fda26cbbe8d
0x00007fda2d096870:   00000007c197a3b8 0000000000000001
0x00007fda2d096880:   0000000000000000 00007fda2d096878
0x00007fda2d096890:   000000073a3c35f4 00007fda2d0968f8
0x00007fda2d0968a0:   000000073a3c3ad8 0000000000000000
0x00007fda2d0968b0:   000000073a3c36a0 00007fda2d096870
0x00007fda2d0968c0:   00007fda2d0968f8 00007fda2d096940
0x00007fda2d0968d0:   00007fda26cbbd34 0000000000000000
0x00007fda2d0968e0:   0000000000000000 000000073a3c3a70
0x00007fda2d0968f0:   00000007c197a3b8 00000007c1819bd0
0x00007fda2d096900:   00007fda2d096900 000000073a3bce8b
0x00007fda2d096910:   00007fda2d096968 000000073a3bdab8
0x00007fda2d096920:   0000000000000000 000000073a3bcee8
0x00007fda2d096930:   00007fda2d0968f8 00007fda2d096970
0x00007fda2d096940:   00007fda2d0969c0 00007fda26cbb85a
0x00007fda2d096950:   0000000000000000 0000000000000000
0x00007fda2d096960:   00000007c1819bd0 00000007c19718c0
0x00007fda2d096970:   0000000000000001 0000000000000000
0x00007fda2d096980:   00007fda2d096970 000000073a3bd2e2
0x00007fda2d096990:   00007fda2d0969e0 000000073a3bdab8
0x00007fda2d0969a0:   0000000000000000 000000073a3bd328
0x00007fda2d0969b0:   00007fda2d096970 00007fda2d0969e8
0x00007fda2d0969c0:   00007fda2d096a38 00007fda26cbb85a
0x00007fda2d0969d0:   0000000000000000 0000000000000000
0x00007fda2d0969e0:   00000007c1819a68 0000000000000001
0x00007fda2d0969f0:   000000073a3bda30 00007fda2d0969e8 

Instructions: (pc=0x0000000000000000)
0xffffffffffffffe0:   

Register to memory mapping:

RAX=0x0000000000000000 is an unknown value
RBX=0x000000073a57d9e0 is an oop
{method} 
 - klass: {other class}
RCX=0x00007fda2d096820 is pointing into the stack for thread: 0x0000000000f7e800
RDX=0x00007fda26cbb85a is an Interpreter codelet
return entry points  [0x00007fda26cbb140, 0x00007fda26cbc700]  5568 bytes
RSP=0x00007fda2d096800 is pointing into the stack for thread: 0x0000000000f7e800
RBP=0x00007fda2d096860 is pointing into the stack for thread: 0x0000000000f7e800
RSI=0x0000000000b7001f is an unknown value
RDI=0x0000000000f7f310 is an unknown value
R8 =0x0000000000000000 is an unknown value
R9 =0x0000000000000000 is an unknown value
R10=0x00007fda2c2aa5e0: <offset 0xbbd5e0> in /usr/lib/jvm/java-6-openjdk/jre/lib/amd64/server/libjvm.so at 0x00007fda2b6ed000
R11=0x0000000000f7f428 is an unknown value
R12=0x0000000000000000 is an unknown value
R13=0x00007fda2d096808 is pointing into the stack for thread: 0x0000000000f7e800
R14=0x00007fda2d096870 is pointing into the stack for thread: 0x0000000000f7e800
R15=0x0000000000f7e800 is a thread


Stack: [0x00007fda2cf97000,0x00007fda2d098000],  sp=0x00007fda2d096800,  free space=1022k

---------------  P R O C E S S  ---------------

Java Threads: ( => current thread )
  0x00007fda20030800 JavaThread "Low Memory Detector" daemon [_thread_blocked, id=3319, stack(0x00007fda2496c000,0x00007fda24a6d000)]
  0x00007fda2002c000 JavaThread "C2 CompilerThread1" daemon [_thread_blocked, id=3318, stack(0x00007fda24a6d000,0x00007fda24b6e000)]
  0x00007fda20029800 JavaThread "C2 CompilerThread0" daemon [_thread_blocked, id=3317, stack(0x00007fda24b6e000,0x00007fda24c6f000)]
  0x0000000001013800 JavaThread "Signal Dispatcher" daemon [_thread_blocked, id=3316, stack(0x00007fda24c6f000,0x00007fda24d70000)]
  0x0000000000ff4000 JavaThread "Finalizer" daemon [_thread_blocked, id=3315, stack(0x00007fda25454000,0x00007fda25555000)]
  0x0000000000fed000 JavaThread "Reference Handler" daemon [_thread_blocked, id=3314, stack(0x00007fda25555000,0x00007fda25656000)]
=>0x0000000000f7e800 JavaThread "main" [_thread_in_Java, id=3307, stack(0x00007fda2cf97000,0x00007fda2d098000)]

Other Threads:
  0x0000000000fe6000 VMThread [stack: 0x00007fda25656000,0x00007fda25757000] [id=3313]
  0x00007fda2003b800 WatcherThread [stack: 0x00007fda2486b000,0x00007fda2496c000] [id=3320]

VM state:not at safepoint (normal execution)

VM Mutex/Monitor currently owned by a thread: None

Heap
 PSYoungGen      total 56000K, used 1920K [0x00000007c1800000, 0x00000007c5680000, 0x0000000800000000)
  eden space 48000K, 4% used [0x00000007c1800000,0x00000007c19e0090,0x00000007c46e0000)
  from space 8000K, 0% used [0x00000007c4eb0000,0x00000007c4eb0000,0x00000007c5680000)
  to   space 8000K, 0% used [0x00000007c46e0000,0x00000007c46e0000,0x00000007c4eb0000)
 PSOldGen        total 128000K, used 0K [0x0000000744800000, 0x000000074c500000, 0x00000007c1800000)
  object space 128000K, 0% used [0x0000000744800000,0x0000000744800000,0x000000074c500000)
 PSPermGen       total 21248K, used 3580K [0x000000073a200000, 0x000000073b6c0000, 0x0000000744800000)
  object space 21248K, 16% used [0x000000073a200000,0x000000073a57f088,0x000000073b6c0000)

Code Cache  [0x00007fda26cb6000, 0x00007fda26f26000, 0x00007fda29cb6000)
 total_blobs=181 nmethods=2 adapters=134 free_code_cache=49940736 largest_free_block=6272

Dynamic libraries:
00400000-00409000 r-xp 00000000 08:01 26747197                           /usr/lib/jvm/java-6-openjdk/jre/bin/java
00608000-00609000 r--p 00008000 08:01 26747197                           /usr/lib/jvm/java-6-openjdk/jre/bin/java
00609000-0060a000 rw-p 00009000 08:01 26747197                           /usr/lib/jvm/java-6-openjdk/jre/bin/java
00f73000-01073000 rw-p 00000000 00:00 0                                  [heap]
73a200000-73b6c0000 rw-p 00000000 00:00 0 
73b6c0000-744800000 rw-p 00000000 00:00 0 
744800000-74c500000 rw-p 00000000 00:00 0 
74c500000-7c1800000 rw-p 00000000 00:00 0 
7c1800000-7c5680000 rw-p 00000000 00:00 0 
7c5680000-800000000 rw-p 00000000 00:00 0 
7fda20000000-7fda20152000 rw-p 00000000 00:00 0 
7fda20152000-7fda24000000 ---p 00000000 00:00 0 
7fda2486b000-7fda2486c000 ---p 00000000 00:00 0 
7fda2486c000-7fda2496c000 rw-p 00000000 00:00 0 
7fda2496c000-7fda2496f000 ---p 00000000 00:00 0 
7fda2496f000-7fda24a6d000 rw-p 00000000 00:00 0 
7fda24a6d000-7fda24a70000 ---p 00000000 00:00 0 
7fda24a70000-7fda24b6e000 rw-p 00000000 00:00 0 
7fda24b6e000-7fda24b71000 ---p 00000000 00:00 0 
7fda24b71000-7fda24c6f000 rw-p 00000000 00:00 0 
7fda24c6f000-7fda24c72000 ---p 00000000 00:00 0 
7fda24c72000-7fda24d70000 rw-p 00000000 00:00 0 
7fda24d70000-7fda25454000 r--p 00000000 08:01 26744925                   /usr/lib/locale/locale-archive
7fda25454000-7fda25457000 ---p 00000000 00:00 0 
7fda25457000-7fda25555000 rw-p 00000000 00:00 0 
7fda25555000-7fda25558000 ---p 00000000 00:00 0 
7fda25558000-7fda25656000 rw-p 00000000 00:00 0 
7fda25656000-7fda25657000 ---p 00000000 00:00 0 
7fda25657000-7fda25c8f000 rw-p 00000000 00:00 0 
7fda25c8f000-7fda25e1f000 r--s 037ba000 08:01 26747246                   /usr/lib/jvm/java-6-openjdk/jre/lib/rt.jar
7fda25e1f000-7fda25e47000 rw-p 00000000 00:00 0 
7fda25e47000-7fda25e48000 ---p 00000000 00:00 0 
7fda25e48000-7fda25f48000 rw-p 00000000 00:00 0 
7fda25f48000-7fda25f49000 ---p 00000000 00:00 0 
7fda25f49000-7fda26049000 rw-p 00000000 00:00 0 
7fda26049000-7fda2604a000 ---p 00000000 00:00 0 
7fda2604a000-7fda2614a000 rw-p 00000000 00:00 0 
7fda2614a000-7fda2614b000 ---p 00000000 00:00 0 
7fda2614b000-7fda26256000 rw-p 00000000 00:00 0 
7fda26256000-7fda2629e000 rw-p 00000000 00:00 0 
7fda2629e000-7fda262dd000 rw-p 00000000 00:00 0 
7fda262dd000-7fda26686000 rw-p 00000000 00:00 0 
7fda26686000-7fda26691000 rw-p 00000000 00:00 0 
7fda26691000-7fda266d9000 rw-p 00000000 00:00 0 
7fda266d9000-7fda26718000 rw-p 00000000 00:00 0 
7fda26718000-7fda26ac1000 rw-p 00000000 00:00 0 
7fda26ac1000-7fda26ae1000 rw-p 00000000 00:00 0 
7fda26ae1000-7fda26cb5000 rw-p 00000000 00:00 0 
7fda26cb5000-7fda26cb6000 rw-p 00000000 00:00 0 
7fda26cb6000-7fda26f26000 rwxp 00000000 00:00 0 
7fda26f26000-7fda29cb6000 rw-p 00000000 00:00 0 
7fda29cb6000-7fda29cbd000 r-xp 00000000 08:01 26747230                   /usr/lib/jvm/java-6-openjdk/jre/lib/amd64/libzip.so
7fda29cbd000-7fda29ebc000 ---p 00007000 08:01 26747230                   /usr/lib/jvm/java-6-openjdk/jre/lib/amd64/libzip.so
7fda29ebc000-7fda29ebd000 r--p 00006000 08:01 26747230                   /usr/lib/jvm/java-6-openjdk/jre/lib/amd64/libzip.so
7fda29ebd000-7fda29ebe000 rw-p 00007000 08:01 26747230                   /usr/lib/jvm/java-6-openjdk/jre/lib/amd64/libzip.so
7fda29ebe000-7fda29eca000 r-xp 00000000 08:01 3276951                    /lib/x86_64-linux-gnu/libnss_files-2.13.so
7fda29eca000-7fda2a0c9000 ---p 0000c000 08:01 3276951                    /lib/x86_64-linux-gnu/libnss_files-2.13.so
7fda2a0c9000-7fda2a0ca000 r--p 0000b000 08:01 3276951                    /lib/x86_64-linux-gnu/libnss_files-2.13.so
7fda2a0ca000-7fda2a0cb000 rw-p 0000c000 08:01 3276951                    /lib/x86_64-linux-gnu/libnss_files-2.13.so
7fda2a0cb000-7fda2a0d5000 r-xp 00000000 08:01 3276953                    /lib/x86_64-linux-gnu/libnss_nis-2.13.so
7fda2a0d5000-7fda2a2d5000 ---p 0000a000 08:01 3276953                    /lib/x86_64-linux-gnu/libnss_nis-2.13.so
7fda2a2d5000-7fda2a2d6000 r--p 0000a000 08:01 3276953                    /lib/x86_64-linux-gnu/libnss_nis-2.13.so
7fda2a2d6000-7fda2a2d7000 rw-p 0000b000 08:01 3276953                    /lib/x86_64-linux-gnu/libnss_nis-2.13.so
7fda2a2d7000-7fda2a2ee000 r-xp 00000000 08:01 3276948                    /lib/x86_64-linux-gnu/libnsl-2.13.so
7fda2a2ee000-7fda2a4ed000 ---p 00017000 08:01 3276948                    /lib/x86_64-linux-gnu/libnsl-2.13.so
7fda2a4ed000-7fda2a4ee000 r--p 00016000 08:01 3276948                    /lib/x86_64-linux-gnu/libnsl-2.13.so
7fda2a4ee000-7fda2a4ef000 rw-p 00017000 08:01 3276948                    /lib/x86_64-linux-gnu/libnsl-2.13.so
7fda2a4ef000-7fda2a4f1000 rw-p 00000000 00:00 0 
7fda2a4f1000-7fda2a4f9000 r-xp 00000000 08:01 3276949                    /lib/x86_64-linux-gnu/libnss_compat-2.13.so
7fda2a4f9000-7fda2a6f8000 ---p 00008000 08:01 3276949                    /lib/x86_64-linux-gnu/libnss_compat-2.13.so
7fda2a6f8000-7fda2a6f9000 r--p 00007000 08:01 3276949                    /lib/x86_64-linux-gnu/libnss_compat-2.13.so
7fda2a6f9000-7fda2a6fa000 rw-p 00008000 08:01 3276949                    /lib/x86_64-linux-gnu/libnss_compat-2.13.so
7fda2a6fa000-7fda2a703000 r-xp 00000000 08:01 26747225                   /usr/lib/jvm/java-6-openjdk/jre/lib/amd64/libinstrument.so
7fda2a703000-7fda2a903000 ---p 00009000 08:01 26747225                   /usr/lib/jvm/java-6-openjdk/jre/lib/amd64/libinstrument.so
7fda2a903000-7fda2a904000 r--p 00009000 08:01 26747225                   /usr/lib/jvm/java-6-openjdk/jre/lib/amd64/libinstrument.so
7fda2a904000-7fda2a905000 rw-p 0000a000 08:01 26747225                   /usr/lib/jvm/java-6-openjdk/jre/lib/amd64/libinstrument.so
7fda2a905000-7fda2a931000 r-xp 00000000 08:01 26747229                   /usr/lib/jvm/java-6-openjdk/jre/lib/amd64/libjava.so
7fda2a931000-7fda2ab30000 ---p 0002c000 08:01 26747229                   /usr/lib/jvm/java-6-openjdk/jre/lib/amd64/libjava.so
7fda2ab30000-7fda2ab31000 r--p 0002b000 08:01 26747229                   /usr/lib/jvm/java-6-openjdk/jre/lib/amd64/libjava.so
7fda2ab31000-7fda2ab34000 rw-p 0002c000 08:01 26747229                   /usr/lib/jvm/java-6-openjdk/jre/lib/amd64/libjava.so
7fda2ab34000-7fda2ab42000 r-xp 00000000 08:01 26747215                   /usr/lib/jvm/java-6-openjdk/jre/lib/amd64/libverify.so
7fda2ab42000-7fda2ad41000 ---p 0000e000 08:01 26747215                   /usr/lib/jvm/java-6-openjdk/jre/lib/amd64/libverify.so
7fda2ad41000-7fda2ad43000 r--p 0000d000 08:01 26747215                   /usr/lib/jvm/java-6-openjdk/jre/lib/amd64/libverify.so
7fda2ad43000-7fda2ad44000 rw-p 0000f000 08:01 26747215                   /usr/lib/jvm/java-6-openjdk/jre/lib/amd64/libverify.so
7fda2ad44000-7fda2ad4b000 r-xp 00000000 08:01 3276958                    /lib/x86_64-linux-gnu/librt-2.13.so
7fda2ad4b000-7fda2af4a000 ---p 00007000 08:01 3276958                    /lib/x86_64-linux-gnu/librt-2.13.so
7fda2af4a000-7fda2af4b000 r--p 00006000 08:01 3276958                    /lib/x86_64-linux-gnu/librt-2.13.so
7fda2af4b000-7fda2af4c000 rw-p 00007000 08:01 3276958                    /lib/x86_64-linux-gnu/librt-2.13.so
7fda2af4c000-7fda2af61000 r-xp 00000000 08:01 3280546                    /lib/x86_64-linux-gnu/libgcc_s.so.1
7fda2af61000-7fda2b160000 ---p 00015000 08:01 3280546                    /lib/x86_64-linux-gnu/libgcc_s.so.1
7fda2b160000-7fda2b161000 r--p 00014000 08:01 3280546                    /lib/x86_64-linux-gnu/libgcc_s.so.1
7fda2b161000-7fda2b162000 rw-p 00015000 08:01 3280546                    /lib/x86_64-linux-gnu/libgcc_s.so.1
7fda2b162000-7fda2b1e5000 r-xp 00000000 08:01 3276946                    /lib/x86_64-linux-gnu/libm-2.13.so
7fda2b1e5000-7fda2b3e4000 ---p 00083000 08:01 3276946                    /lib/x86_64-linux-gnu/libm-2.13.so
7fda2b3e4000-7fda2b3e5000 r--p 00082000 08:01 3276946                    /lib/x86_64-linux-gnu/libm-2.13.so
7fda2b3e5000-7fda2b3e6000 rw-p 00083000 08:01 3276946                    /lib/x86_64-linux-gnu/libm-2.13.so
7fda2b3e6000-7fda2b4ce000 r-xp 00000000 08:01 26746045                   /usr/lib/x86_64-linux-gnu/libstdc++.so.6.0.16
7fda2b4ce000-7fda2b6ce000 ---p 000e8000 08:01 26746045                   /usr/lib/x86_64-linux-gnu/libstdc++.so.6.0.16
7fda2b6ce000-7fda2b6d6000 r--p 000e8000 08:01 26746045                   /usr/lib/x86_64-linux-gnu/libstdc++.so.6.0.16
7fda2b6d6000-7fda2b6d8000 rw-p 000f0000 08:01 26746045                   /usr/lib/x86_64-linux-gnu/libstdc++.so.6.0.16
7fda2b6d8000-7fda2b6ed000 rw-p 00000000 00:00 0 
7fda2b6ed000-7fda2bff0000 r-xp 00000000 08:01 26747233                   /usr/lib/jvm/java-6-openjdk/jre/lib/amd64/server/libjvm.so
7fda2bff0000-7fda2c1ef000 ---p 00903000 08:01 26747233                   /usr/lib/jvm/java-6-openjdk/jre/lib/amd64/server/libjvm.so
7fda2c1ef000-7fda2c270000 r--p 00902000 08:01 26747233                   /usr/lib/jvm/java-6-openjdk/jre/lib/amd64/server/libjvm.so
7fda2c270000-7fda2c28b000 rw-p 00983000 08:01 26747233                   /usr/lib/jvm/java-6-openjdk/jre/lib/amd64/server/libjvm.so
7fda2c28b000-7fda2c2b4000 rw-p 00000000 00:00 0 
7fda2c2b4000-7fda2c2cb000 r-xp 00000000 08:01 3280608                    /lib/x86_64-linux-gnu/libz.so.1.2.3.4
7fda2c2cb000-7fda2c4ca000 ---p 00017000 08:01 3280608                    /lib/x86_64-linux-gnu/libz.so.1.2.3.4
7fda2c4ca000-7fda2c4cb000 r--p 00016000 08:01 3280608                    /lib/x86_64-linux-gnu/libz.so.1.2.3.4
7fda2c4cb000-7fda2c4cc000 rw-p 00017000 08:01 3280608                    /lib/x86_64-linux-gnu/libz.so.1.2.3.4
7fda2c4cc000-7fda2c663000 r-xp 00000000 08:01 3276840                    /lib/x86_64-linux-gnu/libc-2.13.so
7fda2c663000-7fda2c862000 ---p 00197000 08:01 3276840                    /lib/x86_64-linux-gnu/libc-2.13.so
7fda2c862000-7fda2c866000 r--p 00196000 08:01 3276840                    /lib/x86_64-linux-gnu/libc-2.13.so
7fda2c866000-7fda2c867000 rw-p 0019a000 08:01 3276840                    /lib/x86_64-linux-gnu/libc-2.13.so
7fda2c867000-7fda2c86d000 rw-p 00000000 00:00 0 
7fda2c86d000-7fda2c86f000 r-xp 00000000 08:01 3276945                    /lib/x86_64-linux-gnu/libdl-2.13.so
7fda2c86f000-7fda2ca6f000 ---p 00002000 08:01 3276945                    /lib/x86_64-linux-gnu/libdl-2.13.so
7fda2ca6f000-7fda2ca70000 r--p 00002000 08:01 3276945                    /lib/x86_64-linux-gnu/libdl-2.13.so
7fda2ca70000-7fda2ca71000 rw-p 00003000 08:01 3276945                    /lib/x86_64-linux-gnu/libdl-2.13.so
7fda2ca71000-7fda2ca75000 r-xp 00000000 08:01 26747213                   /usr/lib/jvm/java-6-openjdk/jre/lib/amd64/jli/libjli.so
7fda2ca75000-7fda2cc74000 ---p 00004000 08:01 26747213                   /usr/lib/jvm/java-6-openjdk/jre/lib/amd64/jli/libjli.so
7fda2cc74000-7fda2cc75000 r--p 00003000 08:01 26747213                   /usr/lib/jvm/java-6-openjdk/jre/lib/amd64/jli/libjli.so
7fda2cc75000-7fda2cc76000 rw-p 00004000 08:01 26747213                   /usr/lib/jvm/java-6-openjdk/jre/lib/amd64/jli/libjli.so
7fda2cc76000-7fda2cc8e000 r-xp 00000000 08:01 3276956                    /lib/x86_64-linux-gnu/libpthread-2.13.so
7fda2cc8e000-7fda2ce8d000 ---p 00018000 08:01 3276956                    /lib/x86_64-linux-gnu/libpthread-2.13.so
7fda2ce8d000-7fda2ce8e000 r--p 00017000 08:01 3276956                    /lib/x86_64-linux-gnu/libpthread-2.13.so
7fda2ce8e000-7fda2ce8f000 rw-p 00018000 08:01 3276956                    /lib/x86_64-linux-gnu/libpthread-2.13.so
7fda2ce8f000-7fda2ce93000 rw-p 00000000 00:00 0 
7fda2ce93000-7fda2ceb4000 r-xp 00000000 08:01 3276804                    /lib/x86_64-linux-gnu/ld-2.13.so
7fda2cecf000-7fda2ced2000 r--s 0007d000 08:01 26741797                   /usr/lib/jvm/java-6-openjdk/jre/lib/jsse.jar
7fda2ced2000-7fda2ced7000 r--s 0004a000 08:01 20580420                   /home/nikolay/.m2/repository/org/ow2/asm/asm-debug-all/4.0/asm-debug-all-4.0.jar
7fda2ced7000-7fda2cee1000 rw-p 00000000 00:00 0 
7fda2cee1000-7fda2cf97000 rw-p 00000000 00:00 0 
7fda2cf97000-7fda2cf9a000 ---p 00000000 00:00 0 
7fda2cf9a000-7fda2d09d000 rw-p 00000000 00:00 0 
7fda2d09d000-7fda2d0a5000 r--s 00066000 08:01 27271604                   /usr/share/java/gnome-java-bridge.jar
7fda2d0a5000-7fda2d0a7000 r--s 0000f000 08:01 26741255                   /usr/lib/jvm/java-6-openjdk/jre/lib/ext/pulse-java.jar
7fda2d0a7000-7fda2d0af000 rw-s 00000000 08:01 27661517                   /tmp/hsperfdata_nikolay/3304
7fda2d0af000-7fda2d0b0000 rw-p 00000000 00:00 0 
7fda2d0b0000-7fda2d0b1000 r--p 00000000 00:00 0 
7fda2d0b1000-7fda2d0b3000 rw-p 00000000 00:00 0 
7fda2d0b3000-7fda2d0b4000 r--p 00020000 08:01 3276804                    /lib/x86_64-linux-gnu/ld-2.13.so
7fda2d0b4000-7fda2d0b6000 rw-p 00021000 08:01 3276804                    /lib/x86_64-linux-gnu/ld-2.13.so
7fffd16e3000-7fffd1704000 rw-p 00000000 00:00 0                          [stack]
7fffd1758000-7fffd1759000 r-xp 00000000 00:00 0                          [vdso]
ffffffffff600000-ffffffffff601000 r-xp 00000000 00:00 0                  [vsyscall]

VM Arguments:
jvm_args: -javaagent:target/dapij-0.1-SNAPSHOT.jar 
java_command: HelloAzura
Launcher Type: SUN_STANDARD

Environment Variables:
JAVA_HOME=/usr/lib/jvm/default-java
PATH=/usr/lib/lightdm/lightdm:/usr/local/sbin:/usr/local/bin:/usr/sbin:/usr/bin:/sbin:/bin:/usr/games
USERNAME=nikolay
LD_LIBRARY_PATH=/usr/lib/jvm/java-6-openjdk/jre/lib/amd64/server:/usr/lib/jvm/java-6-openjdk/jre/lib/amd64:/usr/lib/jvm/java-6-openjdk/jre/../lib/amd64
SHELL=/bin/bash
DISPLAY=:0.0

Signal Handlers:
SIGSEGV: [libjvm.so+0x783e60], sa_mask[0]=0x7ffbfeff, sa_flags=0x10000004
SIGBUS: [libjvm.so+0x783e60], sa_mask[0]=0x7ffbfeff, sa_flags=0x10000004
SIGFPE: [libjvm.so+0x6485c0], sa_mask[0]=0x7ffbfeff, sa_flags=0x10000004
SIGPIPE: [libjvm.so+0x6485c0], sa_mask[0]=0x7ffbfeff, sa_flags=0x10000004
SIGXFSZ: [libjvm.so+0x6485c0], sa_mask[0]=0x7ffbfeff, sa_flags=0x10000004
SIGILL: [libjvm.so+0x6485c0], sa_mask[0]=0x7ffbfeff, sa_flags=0x10000004
SIGUSR1: SIG_DFL, sa_mask[0]=0x00000000, sa_flags=0x00000000
SIGUSR2: [libjvm.so+0x648770], sa_mask[0]=0x00000004, sa_flags=0x10000004
SIGHUP: [libjvm.so+0x64b280], sa_mask[0]=0x7ffbfeff, sa_flags=0x10000004
SIGINT: SIG_IGN, sa_mask[0]=0x00000000, sa_flags=0x00000000
SIGTERM: [libjvm.so+0x64b280], sa_mask[0]=0x7ffbfeff, sa_flags=0x10000004
SIGQUIT: [libjvm.so+0x64b280], sa_mask[0]=0x7ffbfeff, sa_flags=0x10000004


---------------  S Y S T E M  ---------------

OS:Ubuntu 11.10 (oneiric)
uname:Linux 3.0.0-17-generic #30-Ubuntu SMP Thu Mar 8 20:45:39 UTC 2012 x86_64
libc:glibc 2.13 NPTL 2.13 
rlimit: STACK 8192k, CORE 0k, NPROC 95843, NOFILE 4096, AS infinity
load average:0.06 0.10 0.11

/proc/meminfo:
MemTotal:       12285724 kB
MemFree:         7587916 kB
Buffers:          331892 kB
Cached:          1924332 kB
SwapCached:            0 kB
Active:          2684108 kB
Inactive:        1318868 kB
Active(anon):    1747496 kB
Inactive(anon):    11600 kB
Active(file):     936612 kB
Inactive(file):  1307268 kB
Unevictable:          16 kB
Mlocked:              16 kB
SwapTotal:      12536828 kB
SwapFree:       12536828 kB
Dirty:               360 kB
Writeback:             0 kB
AnonPages:       1747040 kB
Mapped:           329976 kB
Shmem:             12348 kB
Slab:             183952 kB
SReclaimable:     150076 kB
SUnreclaim:        33876 kB
KernelStack:        3608 kB
PageTables:        28920 kB
NFS_Unstable:          0 kB
Bounce:                0 kB
WritebackTmp:          0 kB
CommitLimit:    18679688 kB
Committed_AS:    4162320 kB
VmallocTotal:   34359738367 kB
VmallocUsed:      147224 kB
VmallocChunk:   34359589008 kB
HardwareCorrupted:     0 kB
AnonHugePages:         0 kB
HugePages_Total:       0
HugePages_Free:        0
HugePages_Rsvd:        0
HugePages_Surp:        0
Hugepagesize:       2048 kB
DirectMap4k:      428032 kB
DirectMap2M:    12113920 kB


CPU:total 4 (4 cores per cpu, 1 threads per core) family 6 model 42 stepping 7, cmov, cx8, fxsr, mmx, sse, sse2, sse3, ssse3, sse4.1, sse4.2, popcnt

Memory: 4k page, physical 12285724k(7587916k free), swap 12536828k(12536828k free)

vm_info: OpenJDK 64-Bit Server VM (20.0-b11) for linux-amd64 JRE (1.6.0_23-b23), built on Feb 23 2012 05:39:46 by "buildd" with gcc 4.6.1

time: Wed Jun 27 14:09:19 2012
elapsed time: 0 seconds

