#
# A fatal error has been detected by the Java Runtime Environment:
#
#  SIGSEGV (0xb) at pc=0x0000000000000000, pid=3483, tid=140035552020224
#
# JRE version: 6.0_23-b23
# Java VM: OpenJDK 64-Bit Server VM (20.0-b11 mixed mode linux-amd64 compressed oops)
# Derivative: IcedTea6 1.11pre
# Distribution: Ubuntu 11.10, package 6b23~pre11-0ubuntu1.11.10.2
# Problematic frame:
# C  0x0000000000000000
#
# If you would like to submit a bug report, please include
# instructions how to reproduce the bug and visit:
#   https://bugs.launchpad.net/ubuntu/+source/openjdk-6/
#

---------------  T H R E A D  ---------------

Current thread (0x00000000022ba800):  JavaThread "main" [_thread_in_Java, id=3485, stack(0x00007f5c91458000,0x00007f5c91559000)]

siginfo:si_signo=SIGSEGV: si_errno=0, si_code=1 (SEGV_MAPERR), si_addr=0x0000000000000000

Registers:
RAX=0x0000000000000000, RBX=0x000000073a59ea90, RCX=0x00007f5c91557820, RDX=0x00007f5c8b17c85a
RSP=0x00007f5c91557800, RBP=0x00007f5c91557860, RSI=0x0000000000b7001f, RDI=0x00000000022bb310
R8 =0x0000000000000000, R9 =0x0000000000000000, R10=0x00007f5c9076b5e0, R11=0x00000000022bb428
R12=0x0000000000000000, R13=0x00007f5c91557808, R14=0x00007f5c91557870, R15=0x00000000022ba800
RIP=0x0000000000000000, EFLAGS=0x0000000000010246, CSGSFS=0x0000000000000033, ERR=0x0000000000000014
  TRAPNO=0x000000000000000e

Top of Stack: (sp=0x00007f5c91557800)
0x00007f5c91557800:   00007f5c8b17c85a 0000000000000000
0x00007f5c91557810:   00000007c1819a98 00007f5c91557820
0x00007f5c91557820:   00007f5c91557820 000000073a59d276
0x00007f5c91557830:   00007f5c91557870 000000073a59de80
0x00007f5c91557840:   0000000000000000 000000073a59d290
0x00007f5c91557850:   00007f5c91557808 00007f5c91557870
0x00007f5c91557860:   00007f5c915578c8 00007f5c8b17ce8d
0x00007f5c91557870:   00000007c19f1370 0000000000000001
0x00007f5c91557880:   0000000000000000 00007f5c91557878
0x00007f5c91557890:   000000073a3c35f4 00007f5c915578f8
0x00007f5c915578a0:   000000073a3c3ad8 0000000000000000
0x00007f5c915578b0:   000000073a3c36a0 00007f5c91557870
0x00007f5c915578c0:   00007f5c915578f8 00007f5c91557940
0x00007f5c915578d0:   00007f5c8b17cd34 0000000000000000
0x00007f5c915578e0:   0000000000000000 000000073a3c3a70
0x00007f5c915578f0:   00000007c19f1370 00000007c1819bd0
0x00007f5c91557900:   00007f5c91557900 000000073a3bce8b
0x00007f5c91557910:   00007f5c91557968 000000073a3bdab8
0x00007f5c91557920:   0000000000000000 000000073a3bcee8
0x00007f5c91557930:   00007f5c915578f8 00007f5c91557970
0x00007f5c91557940:   00007f5c915579c0 00007f5c8b17c85a
0x00007f5c91557950:   0000000000000000 0000000000000000
0x00007f5c91557960:   00000007c1819bd0 00000007c19d3ef0
0x00007f5c91557970:   0000000000000001 0000000000000000
0x00007f5c91557980:   00007f5c91557970 000000073a3bd2e2
0x00007f5c91557990:   00007f5c915579e0 000000073a3bdab8
0x00007f5c915579a0:   0000000000000000 000000073a3bd328
0x00007f5c915579b0:   00007f5c91557970 00007f5c915579e8
0x00007f5c915579c0:   00007f5c91557a38 00007f5c8b17c85a
0x00007f5c915579d0:   0000000000000000 0000000000000000
0x00007f5c915579e0:   00000007c1819a68 0000000000000001
0x00007f5c915579f0:   000000073a3bda30 00007f5c915579e8 

Instructions: (pc=0x0000000000000000)
0xffffffffffffffe0:   

Register to memory mapping:

RAX=0x0000000000000000 is an unknown value
RBX=0x000000073a59ea90 is an oop
{method} 
 - klass: {other class}
RCX=0x00007f5c91557820 is pointing into the stack for thread: 0x00000000022ba800
RDX=0x00007f5c8b17c85a is an Interpreter codelet
return entry points  [0x00007f5c8b17c140, 0x00007f5c8b17d700]  5568 bytes
RSP=0x00007f5c91557800 is pointing into the stack for thread: 0x00000000022ba800
RBP=0x00007f5c91557860 is pointing into the stack for thread: 0x00000000022ba800
RSI=0x0000000000b7001f is an unknown value
RDI=0x00000000022bb310 is an unknown value
R8 =0x0000000000000000 is an unknown value
R9 =0x0000000000000000 is an unknown value
R10=0x00007f5c9076b5e0: <offset 0xbbd5e0> in /usr/lib/jvm/java-6-openjdk/jre/lib/amd64/server/libjvm.so at 0x00007f5c8fbae000
R11=0x00000000022bb428 is an unknown value
R12=0x0000000000000000 is an unknown value
R13=0x00007f5c91557808 is pointing into the stack for thread: 0x00000000022ba800
R14=0x00007f5c91557870 is pointing into the stack for thread: 0x00000000022ba800
R15=0x00000000022ba800 is a thread


Stack: [0x00007f5c91458000,0x00007f5c91559000],  sp=0x00007f5c91557800,  free space=1022k

---------------  P R O C E S S  ---------------

Java Threads: ( => current thread )
  0x0000000002380800 JavaThread "Low Memory Detector" daemon [_thread_blocked, id=3498, stack(0x00007f5c88e1e000,0x00007f5c88f1f000)]
  0x000000000237c000 JavaThread "C2 CompilerThread1" daemon [_thread_in_native, id=3497, stack(0x00007f5c88f1f000,0x00007f5c89020000)]
  0x0000000002379800 JavaThread "C2 CompilerThread0" daemon [_thread_blocked, id=3496, stack(0x00007f5c89020000,0x00007f5c89121000)]
  0x0000000002343000 JavaThread "Signal Dispatcher" daemon [_thread_blocked, id=3495, stack(0x00007f5c89130000,0x00007f5c89231000)]
  0x0000000002330000 JavaThread "Finalizer" daemon [_thread_blocked, id=3494, stack(0x00007f5c89915000,0x00007f5c89a16000)]
  0x0000000002329000 JavaThread "Reference Handler" daemon [_thread_blocked, id=3493, stack(0x00007f5c89a16000,0x00007f5c89b17000)]
=>0x00000000022ba800 JavaThread "main" [_thread_in_Java, id=3485, stack(0x00007f5c91458000,0x00007f5c91559000)]

Other Threads:
  0x0000000002322000 VMThread [stack: 0x00007f5c89b17000,0x00007f5c89c18000] [id=3492]
  0x0000000002383000 WatcherThread [stack: 0x00007f5c88d1d000,0x00007f5c88e1e000] [id=3499]

VM state:not at safepoint (normal execution)

VM Mutex/Monitor currently owned by a thread: None

Heap
 PSYoungGen      total 56000K, used 2882K [0x00000007c1800000, 0x00000007c5680000, 0x0000000800000000)
  eden space 48000K, 6% used [0x00000007c1800000,0x00000007c1ad0830,0x00000007c46e0000)
  from space 8000K, 0% used [0x00000007c4eb0000,0x00000007c4eb0000,0x00000007c5680000)
  to   space 8000K, 0% used [0x00000007c46e0000,0x00000007c46e0000,0x00000007c4eb0000)
 PSOldGen        total 128000K, used 0K [0x0000000744800000, 0x000000074c500000, 0x00000007c1800000)
  object space 128000K, 0% used [0x0000000744800000,0x0000000744800000,0x000000074c500000)
 PSPermGen       total 21248K, used 3713K [0x000000073a200000, 0x000000073b6c0000, 0x0000000744800000)
  object space 21248K, 17% used [0x000000073a200000,0x000000073a5a0438,0x000000073b6c0000)

Code Cache  [0x00007f5c8b177000, 0x00007f5c8b3e7000, 0x00007f5c8e177000)
 total_blobs=185 nmethods=4 adapters=134 free_code_cache=49923904 largest_free_block=6080

Dynamic libraries:
00400000-00409000 r-xp 00000000 08:01 26747197                           /usr/lib/jvm/java-6-openjdk/jre/bin/java
00608000-00609000 r--p 00008000 08:01 26747197                           /usr/lib/jvm/java-6-openjdk/jre/bin/java
00609000-0060a000 rw-p 00009000 08:01 26747197                           /usr/lib/jvm/java-6-openjdk/jre/bin/java
022af000-024ad000 rw-p 00000000 00:00 0                                  [heap]
73a200000-73b6c0000 rw-p 00000000 00:00 0 
73b6c0000-744800000 rw-p 00000000 00:00 0 
744800000-74c500000 rw-p 00000000 00:00 0 
74c500000-7c1800000 rw-p 00000000 00:00 0 
7c1800000-7c5680000 rw-p 00000000 00:00 0 
7c5680000-800000000 rw-p 00000000 00:00 0 
7f5c84000000-7f5c84132000 rw-p 00000000 00:00 0 
7f5c84132000-7f5c88000000 ---p 00000000 00:00 0 
7f5c88d1d000-7f5c88d1e000 ---p 00000000 00:00 0 
7f5c88d1e000-7f5c88e1e000 rw-p 00000000 00:00 0 
7f5c88e1e000-7f5c88e21000 ---p 00000000 00:00 0 
7f5c88e21000-7f5c88f1f000 rw-p 00000000 00:00 0 
7f5c88f1f000-7f5c88f22000 ---p 00000000 00:00 0 
7f5c88f22000-7f5c89020000 rw-p 00000000 00:00 0 
7f5c89020000-7f5c89023000 ---p 00000000 00:00 0 
7f5c89023000-7f5c89121000 rw-p 00000000 00:00 0 
7f5c89121000-7f5c89126000 r--s 0004a000 08:01 20580420                   /home/nikolay/.m2/repository/org/ow2/asm/asm-debug-all/4.0/asm-debug-all-4.0.jar
7f5c89126000-7f5c8912e000 r--s 00066000 08:01 27271604                   /usr/share/java/gnome-java-bridge.jar
7f5c8912e000-7f5c89130000 r--s 0000f000 08:01 26741255                   /usr/lib/jvm/java-6-openjdk/jre/lib/ext/pulse-java.jar
7f5c89130000-7f5c89133000 ---p 00000000 00:00 0 
7f5c89133000-7f5c89231000 rw-p 00000000 00:00 0 
7f5c89231000-7f5c89915000 r--p 00000000 08:01 26744925                   /usr/lib/locale/locale-archive
7f5c89915000-7f5c89918000 ---p 00000000 00:00 0 
7f5c89918000-7f5c89a16000 rw-p 00000000 00:00 0 
7f5c89a16000-7f5c89a19000 ---p 00000000 00:00 0 
7f5c89a19000-7f5c89b17000 rw-p 00000000 00:00 0 
7f5c89b17000-7f5c89b18000 ---p 00000000 00:00 0 
7f5c89b18000-7f5c8a150000 rw-p 00000000 00:00 0 
7f5c8a150000-7f5c8a2e0000 r--s 037ba000 08:01 26747246                   /usr/lib/jvm/java-6-openjdk/jre/lib/rt.jar
7f5c8a2e0000-7f5c8a308000 rw-p 00000000 00:00 0 
7f5c8a308000-7f5c8a309000 ---p 00000000 00:00 0 
7f5c8a309000-7f5c8a409000 rw-p 00000000 00:00 0 
7f5c8a409000-7f5c8a40a000 ---p 00000000 00:00 0 
7f5c8a40a000-7f5c8a50a000 rw-p 00000000 00:00 0 
7f5c8a50a000-7f5c8a50b000 ---p 00000000 00:00 0 
7f5c8a50b000-7f5c8a60b000 rw-p 00000000 00:00 0 
7f5c8a60b000-7f5c8a60c000 ---p 00000000 00:00 0 
7f5c8a60c000-7f5c8a717000 rw-p 00000000 00:00 0 
7f5c8a717000-7f5c8a75f000 rw-p 00000000 00:00 0 
7f5c8a75f000-7f5c8a79e000 rw-p 00000000 00:00 0 
7f5c8a79e000-7f5c8ab47000 rw-p 00000000 00:00 0 
7f5c8ab47000-7f5c8ab52000 rw-p 00000000 00:00 0 
7f5c8ab52000-7f5c8ab9a000 rw-p 00000000 00:00 0 
7f5c8ab9a000-7f5c8abd9000 rw-p 00000000 00:00 0 
7f5c8abd9000-7f5c8af82000 rw-p 00000000 00:00 0 
7f5c8af82000-7f5c8afa2000 rw-p 00000000 00:00 0 
7f5c8afa2000-7f5c8b176000 rw-p 00000000 00:00 0 
7f5c8b176000-7f5c8b177000 rw-p 00000000 00:00 0 
7f5c8b177000-7f5c8b3e7000 rwxp 00000000 00:00 0 
7f5c8b3e7000-7f5c8e177000 rw-p 00000000 00:00 0 
7f5c8e177000-7f5c8e17e000 r-xp 00000000 08:01 26747230                   /usr/lib/jvm/java-6-openjdk/jre/lib/amd64/libzip.so
7f5c8e17e000-7f5c8e37d000 ---p 00007000 08:01 26747230                   /usr/lib/jvm/java-6-openjdk/jre/lib/amd64/libzip.so
7f5c8e37d000-7f5c8e37e000 r--p 00006000 08:01 26747230                   /usr/lib/jvm/java-6-openjdk/jre/lib/amd64/libzip.so
7f5c8e37e000-7f5c8e37f000 rw-p 00007000 08:01 26747230                   /usr/lib/jvm/java-6-openjdk/jre/lib/amd64/libzip.so
7f5c8e37f000-7f5c8e38b000 r-xp 00000000 08:01 3276951                    /lib/x86_64-linux-gnu/libnss_files-2.13.so
7f5c8e38b000-7f5c8e58a000 ---p 0000c000 08:01 3276951                    /lib/x86_64-linux-gnu/libnss_files-2.13.so
7f5c8e58a000-7f5c8e58b000 r--p 0000b000 08:01 3276951                    /lib/x86_64-linux-gnu/libnss_files-2.13.so
7f5c8e58b000-7f5c8e58c000 rw-p 0000c000 08:01 3276951                    /lib/x86_64-linux-gnu/libnss_files-2.13.so
7f5c8e58c000-7f5c8e596000 r-xp 00000000 08:01 3276953                    /lib/x86_64-linux-gnu/libnss_nis-2.13.so
7f5c8e596000-7f5c8e796000 ---p 0000a000 08:01 3276953                    /lib/x86_64-linux-gnu/libnss_nis-2.13.so
7f5c8e796000-7f5c8e797000 r--p 0000a000 08:01 3276953                    /lib/x86_64-linux-gnu/libnss_nis-2.13.so
7f5c8e797000-7f5c8e798000 rw-p 0000b000 08:01 3276953                    /lib/x86_64-linux-gnu/libnss_nis-2.13.so
7f5c8e798000-7f5c8e7af000 r-xp 00000000 08:01 3276948                    /lib/x86_64-linux-gnu/libnsl-2.13.so
7f5c8e7af000-7f5c8e9ae000 ---p 00017000 08:01 3276948                    /lib/x86_64-linux-gnu/libnsl-2.13.so
7f5c8e9ae000-7f5c8e9af000 r--p 00016000 08:01 3276948                    /lib/x86_64-linux-gnu/libnsl-2.13.so
7f5c8e9af000-7f5c8e9b0000 rw-p 00017000 08:01 3276948                    /lib/x86_64-linux-gnu/libnsl-2.13.so
7f5c8e9b0000-7f5c8e9b2000 rw-p 00000000 00:00 0 
7f5c8e9b2000-7f5c8e9ba000 r-xp 00000000 08:01 3276949                    /lib/x86_64-linux-gnu/libnss_compat-2.13.so
7f5c8e9ba000-7f5c8ebb9000 ---p 00008000 08:01 3276949                    /lib/x86_64-linux-gnu/libnss_compat-2.13.so
7f5c8ebb9000-7f5c8ebba000 r--p 00007000 08:01 3276949                    /lib/x86_64-linux-gnu/libnss_compat-2.13.so
7f5c8ebba000-7f5c8ebbb000 rw-p 00008000 08:01 3276949                    /lib/x86_64-linux-gnu/libnss_compat-2.13.so
7f5c8ebbb000-7f5c8ebc4000 r-xp 00000000 08:01 26747225                   /usr/lib/jvm/java-6-openjdk/jre/lib/amd64/libinstrument.so
7f5c8ebc4000-7f5c8edc4000 ---p 00009000 08:01 26747225                   /usr/lib/jvm/java-6-openjdk/jre/lib/amd64/libinstrument.so
7f5c8edc4000-7f5c8edc5000 r--p 00009000 08:01 26747225                   /usr/lib/jvm/java-6-openjdk/jre/lib/amd64/libinstrument.so
7f5c8edc5000-7f5c8edc6000 rw-p 0000a000 08:01 26747225                   /usr/lib/jvm/java-6-openjdk/jre/lib/amd64/libinstrument.so
7f5c8edc6000-7f5c8edf2000 r-xp 00000000 08:01 26747229                   /usr/lib/jvm/java-6-openjdk/jre/lib/amd64/libjava.so
7f5c8edf2000-7f5c8eff1000 ---p 0002c000 08:01 26747229                   /usr/lib/jvm/java-6-openjdk/jre/lib/amd64/libjava.so
7f5c8eff1000-7f5c8eff2000 r--p 0002b000 08:01 26747229                   /usr/lib/jvm/java-6-openjdk/jre/lib/amd64/libjava.so
7f5c8eff2000-7f5c8eff5000 rw-p 0002c000 08:01 26747229                   /usr/lib/jvm/java-6-openjdk/jre/lib/amd64/libjava.so
7f5c8eff5000-7f5c8f003000 r-xp 00000000 08:01 26747215                   /usr/lib/jvm/java-6-openjdk/jre/lib/amd64/libverify.so
7f5c8f003000-7f5c8f202000 ---p 0000e000 08:01 26747215                   /usr/lib/jvm/java-6-openjdk/jre/lib/amd64/libverify.so
7f5c8f202000-7f5c8f204000 r--p 0000d000 08:01 26747215                   /usr/lib/jvm/java-6-openjdk/jre/lib/amd64/libverify.so
7f5c8f204000-7f5c8f205000 rw-p 0000f000 08:01 26747215                   /usr/lib/jvm/java-6-openjdk/jre/lib/amd64/libverify.so
7f5c8f205000-7f5c8f20c000 r-xp 00000000 08:01 3276958                    /lib/x86_64-linux-gnu/librt-2.13.so
7f5c8f20c000-7f5c8f40b000 ---p 00007000 08:01 3276958                    /lib/x86_64-linux-gnu/librt-2.13.so
7f5c8f40b000-7f5c8f40c000 r--p 00006000 08:01 3276958                    /lib/x86_64-linux-gnu/librt-2.13.so
7f5c8f40c000-7f5c8f40d000 rw-p 00007000 08:01 3276958                    /lib/x86_64-linux-gnu/librt-2.13.so
7f5c8f40d000-7f5c8f422000 r-xp 00000000 08:01 3280546                    /lib/x86_64-linux-gnu/libgcc_s.so.1
7f5c8f422000-7f5c8f621000 ---p 00015000 08:01 3280546                    /lib/x86_64-linux-gnu/libgcc_s.so.1
7f5c8f621000-7f5c8f622000 r--p 00014000 08:01 3280546                    /lib/x86_64-linux-gnu/libgcc_s.so.1
7f5c8f622000-7f5c8f623000 rw-p 00015000 08:01 3280546                    /lib/x86_64-linux-gnu/libgcc_s.so.1
7f5c8f623000-7f5c8f6a6000 r-xp 00000000 08:01 3276946                    /lib/x86_64-linux-gnu/libm-2.13.so
7f5c8f6a6000-7f5c8f8a5000 ---p 00083000 08:01 3276946                    /lib/x86_64-linux-gnu/libm-2.13.so
7f5c8f8a5000-7f5c8f8a6000 r--p 00082000 08:01 3276946                    /lib/x86_64-linux-gnu/libm-2.13.so
7f5c8f8a6000-7f5c8f8a7000 rw-p 00083000 08:01 3276946                    /lib/x86_64-linux-gnu/libm-2.13.so
7f5c8f8a7000-7f5c8f98f000 r-xp 00000000 08:01 26746045                   /usr/lib/x86_64-linux-gnu/libstdc++.so.6.0.16
7f5c8f98f000-7f5c8fb8f000 ---p 000e8000 08:01 26746045                   /usr/lib/x86_64-linux-gnu/libstdc++.so.6.0.16
7f5c8fb8f000-7f5c8fb97000 r--p 000e8000 08:01 26746045                   /usr/lib/x86_64-linux-gnu/libstdc++.so.6.0.16
7f5c8fb97000-7f5c8fb99000 rw-p 000f0000 08:01 26746045                   /usr/lib/x86_64-linux-gnu/libstdc++.so.6.0.16
7f5c8fb99000-7f5c8fbae000 rw-p 00000000 00:00 0 
7f5c8fbae000-7f5c904b1000 r-xp 00000000 08:01 26747233                   /usr/lib/jvm/java-6-openjdk/jre/lib/amd64/server/libjvm.so
7f5c904b1000-7f5c906b0000 ---p 00903000 08:01 26747233                   /usr/lib/jvm/java-6-openjdk/jre/lib/amd64/server/libjvm.so
7f5c906b0000-7f5c90731000 r--p 00902000 08:01 26747233                   /usr/lib/jvm/java-6-openjdk/jre/lib/amd64/server/libjvm.so
7f5c90731000-7f5c9074c000 rw-p 00983000 08:01 26747233                   /usr/lib/jvm/java-6-openjdk/jre/lib/amd64/server/libjvm.so
7f5c9074c000-7f5c90775000 rw-p 00000000 00:00 0 
7f5c90775000-7f5c9078c000 r-xp 00000000 08:01 3280608                    /lib/x86_64-linux-gnu/libz.so.1.2.3.4
7f5c9078c000-7f5c9098b000 ---p 00017000 08:01 3280608                    /lib/x86_64-linux-gnu/libz.so.1.2.3.4
7f5c9098b000-7f5c9098c000 r--p 00016000 08:01 3280608                    /lib/x86_64-linux-gnu/libz.so.1.2.3.4
7f5c9098c000-7f5c9098d000 rw-p 00017000 08:01 3280608                    /lib/x86_64-linux-gnu/libz.so.1.2.3.4
7f5c9098d000-7f5c90b24000 r-xp 00000000 08:01 3276840                    /lib/x86_64-linux-gnu/libc-2.13.so
7f5c90b24000-7f5c90d23000 ---p 00197000 08:01 3276840                    /lib/x86_64-linux-gnu/libc-2.13.so
7f5c90d23000-7f5c90d27000 r--p 00196000 08:01 3276840                    /lib/x86_64-linux-gnu/libc-2.13.so
7f5c90d27000-7f5c90d28000 rw-p 0019a000 08:01 3276840                    /lib/x86_64-linux-gnu/libc-2.13.so
7f5c90d28000-7f5c90d2e000 rw-p 00000000 00:00 0 
7f5c90d2e000-7f5c90d30000 r-xp 00000000 08:01 3276945                    /lib/x86_64-linux-gnu/libdl-2.13.so
7f5c90d30000-7f5c90f30000 ---p 00002000 08:01 3276945                    /lib/x86_64-linux-gnu/libdl-2.13.so
7f5c90f30000-7f5c90f31000 r--p 00002000 08:01 3276945                    /lib/x86_64-linux-gnu/libdl-2.13.so
7f5c90f31000-7f5c90f32000 rw-p 00003000 08:01 3276945                    /lib/x86_64-linux-gnu/libdl-2.13.so
7f5c90f32000-7f5c90f36000 r-xp 00000000 08:01 26747213                   /usr/lib/jvm/java-6-openjdk/jre/lib/amd64/jli/libjli.so
7f5c90f36000-7f5c91135000 ---p 00004000 08:01 26747213                   /usr/lib/jvm/java-6-openjdk/jre/lib/amd64/jli/libjli.so
7f5c91135000-7f5c91136000 r--p 00003000 08:01 26747213                   /usr/lib/jvm/java-6-openjdk/jre/lib/amd64/jli/libjli.so
7f5c91136000-7f5c91137000 rw-p 00004000 08:01 26747213                   /usr/lib/jvm/java-6-openjdk/jre/lib/amd64/jli/libjli.so
7f5c91137000-7f5c9114f000 r-xp 00000000 08:01 3276956                    /lib/x86_64-linux-gnu/libpthread-2.13.so
7f5c9114f000-7f5c9134e000 ---p 00018000 08:01 3276956                    /lib/x86_64-linux-gnu/libpthread-2.13.so
7f5c9134e000-7f5c9134f000 r--p 00017000 08:01 3276956                    /lib/x86_64-linux-gnu/libpthread-2.13.so
7f5c9134f000-7f5c91350000 rw-p 00018000 08:01 3276956                    /lib/x86_64-linux-gnu/libpthread-2.13.so
7f5c91350000-7f5c91354000 rw-p 00000000 00:00 0 
7f5c91354000-7f5c91375000 r-xp 00000000 08:01 3276804                    /lib/x86_64-linux-gnu/ld-2.13.so
7f5c91398000-7f5c913a2000 rw-p 00000000 00:00 0 
7f5c913a2000-7f5c91458000 rw-p 00000000 00:00 0 
7f5c91458000-7f5c9145b000 ---p 00000000 00:00 0 
7f5c9145b000-7f5c9155e000 rw-p 00000000 00:00 0 
7f5c91565000-7f5c91568000 r--s 0007d000 08:01 26741797                   /usr/lib/jvm/java-6-openjdk/jre/lib/jsse.jar
7f5c91568000-7f5c91570000 rw-s 00000000 08:01 27661517                   /tmp/hsperfdata_nikolay/3483
7f5c91570000-7f5c91571000 rw-p 00000000 00:00 0 
7f5c91571000-7f5c91572000 r--p 00000000 00:00 0 
7f5c91572000-7f5c91574000 rw-p 00000000 00:00 0 
7f5c91574000-7f5c91575000 r--p 00020000 08:01 3276804                    /lib/x86_64-linux-gnu/ld-2.13.so
7f5c91575000-7f5c91577000 rw-p 00021000 08:01 3276804                    /lib/x86_64-linux-gnu/ld-2.13.so
7fffcc09c000-7fffcc0bd000 rw-p 00000000 00:00 0                          [stack]
7fffcc1d0000-7fffcc1d1000 r-xp 00000000 00:00 0                          [vdso]
ffffffffff600000-ffffffffff601000 r-xp 00000000 00:00 0                  [vsyscall]

VM Arguments:
jvm_args: -javaagent:target/dapij-0.1-SNAPSHOT.jar 
java_command: HelloAzura
Launcher Type: SUN_STANDARD

Environment Variables:
JAVA_HOME=/usr/lib/jvm/default-java
PATH=/usr/lib/lightdm/lightdm:/usr/local/sbin:/usr/local/bin:/usr/sbin:/usr/bin:/sbin:/bin:/usr/games
USERNAME=nikolay
LD_LIBRARY_PATH=/usr/lib/jvm/java-6-openjdk/jre/lib/amd64/server:/usr/lib/jvm/java-6-openjdk/jre/lib/amd64:/usr/lib/jvm/java-6-openjdk/jre/../lib/amd64
SHELL=/bin/bash
DISPLAY=:0.0

Signal Handlers:
SIGSEGV: [libjvm.so+0x783e60], sa_mask[0]=0x7ffbfeff, sa_flags=0x10000004
SIGBUS: [libjvm.so+0x783e60], sa_mask[0]=0x7ffbfeff, sa_flags=0x10000004
SIGFPE: [libjvm.so+0x6485c0], sa_mask[0]=0x7ffbfeff, sa_flags=0x10000004
SIGPIPE: [libjvm.so+0x6485c0], sa_mask[0]=0x7ffbfeff, sa_flags=0x10000004
SIGXFSZ: [libjvm.so+0x6485c0], sa_mask[0]=0x7ffbfeff, sa_flags=0x10000004
SIGILL: [libjvm.so+0x6485c0], sa_mask[0]=0x7ffbfeff, sa_flags=0x10000004
SIGUSR1: SIG_DFL, sa_mask[0]=0x00000000, sa_flags=0x00000000
SIGUSR2: [libjvm.so+0x648770], sa_mask[0]=0x00000004, sa_flags=0x10000004
SIGHUP: [libjvm.so+0x64b280], sa_mask[0]=0x7ffbfeff, sa_flags=0x10000004
SIGINT: SIG_IGN, sa_mask[0]=0x00000000, sa_flags=0x00000000
SIGTERM: [libjvm.so+0x64b280], sa_mask[0]=0x7ffbfeff, sa_flags=0x10000004
SIGQUIT: [libjvm.so+0x64b280], sa_mask[0]=0x7ffbfeff, sa_flags=0x10000004


---------------  S Y S T E M  ---------------

OS:Ubuntu 11.10 (oneiric)
uname:Linux 3.0.0-17-generic #30-Ubuntu SMP Thu Mar 8 20:45:39 UTC 2012 x86_64
libc:glibc 2.13 NPTL 2.13 
rlimit: STACK 8192k, CORE 0k, NPROC 95843, NOFILE 4096, AS infinity
load average:0.36 0.22 0.16

/proc/meminfo:
MemTotal:       12285724 kB
MemFree:         7604720 kB
Buffers:          331928 kB
Cached:          1924948 kB
SwapCached:            0 kB
Active:          2666704 kB
Inactive:        1319604 kB
Active(anon):    1730176 kB
Inactive(anon):    12116 kB
Active(file):     936528 kB
Inactive(file):  1307488 kB
Unevictable:          16 kB
Mlocked:              16 kB
SwapTotal:      12536828 kB
SwapFree:       12536828 kB
Dirty:               416 kB
Writeback:             0 kB
AnonPages:       1729804 kB
Mapped:           327296 kB
Shmem:             12864 kB
Slab:             184360 kB
SReclaimable:     150356 kB
SUnreclaim:        34004 kB
KernelStack:        3744 kB
PageTables:        29168 kB
NFS_Unstable:          0 kB
Bounce:                0 kB
WritebackTmp:          0 kB
CommitLimit:    18679688 kB
Committed_AS:    4090040 kB
VmallocTotal:   34359738367 kB
VmallocUsed:      147224 kB
VmallocChunk:   34359589008 kB
HardwareCorrupted:     0 kB
AnonHugePages:         0 kB
HugePages_Total:       0
HugePages_Free:        0
HugePages_Rsvd:        0
HugePages_Surp:        0
Hugepagesize:       2048 kB
DirectMap4k:      428032 kB
DirectMap2M:    12113920 kB


CPU:total 4 (4 cores per cpu, 1 threads per core) family 6 model 42 stepping 7, cmov, cx8, fxsr, mmx, sse, sse2, sse3, ssse3, sse4.1, sse4.2, popcnt

Memory: 4k page, physical 12285724k(7604720k free), swap 12536828k(12536828k free)

vm_info: OpenJDK 64-Bit Server VM (20.0-b11) for linux-amd64 JRE (1.6.0_23-b23), built on Feb 23 2012 05:39:46 by "buildd" with gcc 4.6.1

time: Wed Jun 27 14:11:36 2012
elapsed time: 0 seconds

